<?xml version="1.0" encoding="utf-8"?><testsuites name="pytest tests"><testsuite name="pytest" errors="0" failures="6" skipped="0" tests="25" time="25.701" timestamp="2026-04-19T13:57:00.728341+00:00" hostname="agent-env-9e9e42d4-cd46-4ffa-9c27-35f5d4788512"><testcase classname="tests.test_filterin.TestHealthAndBasics" name="test_health_endpoint" time="0.262" /><testcase classname="tests.test_filterin.TestHealthAndBasics" name="test_login_page_loads" time="0.126" /><testcase classname="tests.test_filterin.TestAuthentication" name="test_login_success_admin" time="0.248" /><testcase classname="tests.test_filterin.TestAuthentication" name="test_login_failure_wrong_password" time="0.222" /><testcase classname="tests.test_filterin.TestAuthentication" name="test_login_without_csrf_fails" time="0.177" /><testcase classname="tests.test_filterin.TestDashboard" name="test_dashboard_requires_auth" time="0.110" /><testcase classname="tests.test_filterin.TestDashboard" name="test_dashboard_loads_when_authenticated" time="13.690" /><testcase classname="tests.test_filterin.TestDashboard" name="test_dashboard_stats_api" time="0.494" /><testcase classname="tests.test_filterin.TestDashboard" name="test_dashboard_stats_requires_auth" time="0.114" /><testcase classname="tests.test_filterin.TestKendalaMaster" name="test_kendala_master_loads" time="3.785" /><testcase classname="tests.test_filterin.TestKendalaMaster" name="test_kendala_master_has_quick_edit_modal" time="1.265" /><testcase classname="tests.test_filterin.TestKendalaMaster" name="test_kendala_row_api" time="0.447" /><testcase classname="tests.test_filterin.TestLockUnlock" name="test_lock_api" time="0.470" /><testcase classname="tests.test_filterin.TestLockUnlock" name="test_unlock_api" time="0.560" /><testcase classname="tests.test_filterin.TestLockUnlock" name="test_lock_requires_auth" time="0.114"><failure message="assert 400 == 401&#10; +  where 400 = &lt;Response [400]&gt;.status_code">tests/test_filterin.py:360: in test_lock_requires_auth
    assert response.status_code == 401
E   assert 400 == 401
E    +  where 400 = &lt;Response [400]&gt;.status_code</failure></testcase><testcase classname="tests.test_filterin.TestSyncAndMove" name="test_sync_bima_requires_auth" time="0.118"><failure message="assert 400 == 401&#10; +  where 400 = &lt;Response [400]&gt;.status_code">tests/test_filterin.py:372: in test_sync_bima_requires_auth
    assert response.status_code == 401
E   assert 400 == 401
E    +  where 400 = &lt;Response [400]&gt;.status_code</failure></testcase><testcase classname="tests.test_filterin.TestSyncAndMove" name="test_move_to_unsc_requires_auth" time="0.119"><failure message="assert 400 == 401&#10; +  where 400 = &lt;Response [400]&gt;.status_code">tests/test_filterin.py:380: in test_move_to_unsc_requires_auth
    assert response.status_code == 401
E   assert 400 == 401
E    +  where 400 = &lt;Response [400]&gt;.status_code</failure></testcase><testcase classname="tests.test_filterin.TestMarkNewSeen" name="test_mark_new_seen_api" time="0.426" /><testcase classname="tests.test_filterin.TestAuditLog" name="test_audit_log_accessible_by_admin" time="0.381"><failure message="assert ('Audit Log' in '&lt;!DOCTYPE html&gt;\n&lt;html lang=&quot;id&quot; data-theme=&quot;light&quot;&gt;\n&lt;head&gt;\n  &lt;meta charset=&quot;UTF-8&quot;&gt;\n  &lt;meta name=&quot;viewport&quot; content=&quot;width=device-width, initial-scale=1.0&quot;&gt;\n  &lt;title&gt;Login - FilterIN&lt;/title&gt;\n  &lt;link rel=&quot;icon&quot; type=&quot;image/png&quot; href=&quot;/api/static/img/favicon.png&quot;&gt;\n  &lt;link rel=&quot;stylesheet&quot; type=&quot;text/css&quot; href=&quot;/api/static/style.css&quot;&gt;\n  &lt;link rel=&quot;stylesheet&quot; type=&quot;text/css&quot; href=&quot;/api/static/filterin-modern.css&quot;&gt;\n  &lt;link rel=&quot;stylesheet&quot; href=&quot;https://cdnjs.cloudflare.com/ajax/libs/font-awesome/6.4.0/css/all.min.css&quot;&gt;\n  &lt;link href=&quot;https://fonts.googleapis.com/css2?family=Poppins:wght@300;400;500;600;700&amp;family=Space+Grotesk:wght@500;600;700&amp;display=swap&quot; rel=&quot;stylesheet&quot;&gt;\n\n  &lt;style&gt;\n    body.login-page-body {\n        background: linear-gradient(135deg, #0b3d91 0%, #1e40af 50%, #2563eb 100%);\n        min-height: 100vh;\n        display: flex; justify-content: center; align-items: center;\n        padding: 20px;\n    }\n    body.login-page-body::before {\n        content: \'\'; position: fixed; inset: 0;\n        background-image: radial-gradient(circle at 20% 80%, rgba(255,45,45,0.15) 0%, transparent 50%),\n                          radial-gradient(circle at 80% 20%...allenge-platform/scripts/jsd/main.js\';document.getElementsByTagName(\'head\')[0].appendChild(a);&quot;;b.getElementsByTagName(\'head\')[0].appendChild(d)}}if(document.body){var a=document.createElement(\'iframe\');a.height=1;a.width=1;a.style.position=\'absolute\';a.style.top=0;a.style.left=0;a.style.border=\'none\';a.style.visibility=\'hidden\';document.body.appendChild(a);if(\'loading\'!==document.readyState)c();else if(window.addEventListener)document.addEventListener(\'DOMContentLoaded\',c);else{var e=document.onreadystatechange||function(){};document.onreadystatechange=function(b){e(b);\'loading\'!==document.readyState&amp;&amp;(document.onreadystatechange=e,c())}}}})();&lt;/script&gt;&lt;script defer src=&quot;https://static.cloudflareinsights.com/beacon.min.js/v8c78df7c7c0f484497ecbca7046644da1771523124516&quot; integrity=&quot;sha512-8DS7rgIrAmghBFwoOTujcf6D9rXvH8xm8JQ1Ja01h9QX8EzXldiszufYa4IFfKdLUKTTrnSFXLDkUEOTrZQ8Qg==&quot; data-cf-beacon=\'{&quot;version&quot;:&quot;2024.11.0&quot;,&quot;token&quot;:&quot;7f7b0fd8732c4326aae4b9d58d5c514a&quot;,&quot;server_timing&quot;:{&quot;name&quot;:{&quot;cfCacheStatus&quot;:true,&quot;cfEdge&quot;:true,&quot;cfExtPri&quot;:true,&quot;cfL4&quot;:true,&quot;cfOrigin&quot;:true,&quot;cfSpeedBrain&quot;:true},&quot;location_startswith&quot;:null}}\' crossorigin=&quot;anonymous&quot;&gt;&lt;/script&gt;\n&lt;/body&gt;\n&lt;/html&gt;' or 'audit' in '&lt;!doctype html&gt;\n&lt;html lang=&quot;id&quot; data-theme=&quot;light&quot;&gt;\n&lt;head&gt;\n  &lt;meta charset=&quot;utf-8&quot;&gt;\n  &lt;meta name=&quot;viewport&quot; content=&quot;width=device-width, initial-scale=1.0&quot;&gt;\n  &lt;title&gt;login - filterin&lt;/title&gt;\n  &lt;link rel=&quot;icon&quot; type=&quot;image/png&quot; href=&quot;/api/static/img/favicon.png&quot;&gt;\n  &lt;link rel=&quot;stylesheet&quot; type=&quot;text/css&quot; href=&quot;/api/static/style.css&quot;&gt;\n  &lt;link rel=&quot;stylesheet&quot; type=&quot;text/css&quot; href=&quot;/api/static/filterin-modern.css&quot;&gt;\n  &lt;link rel=&quot;stylesheet&quot; href=&quot;https://cdnjs.cloudflare.com/ajax/libs/font-awesome/6.4.0/css/all.min.css&quot;&gt;\n  &lt;link href=&quot;https://fonts.googleapis.com/css2?family=poppins:wght@300;400;500;600;700&amp;family=space+grotesk:wght@500;600;700&amp;display=swap&quot; rel=&quot;stylesheet&quot;&gt;\n\n  &lt;style&gt;\n    body.login-page-body {\n        background: linear-gradient(135deg, #0b3d91 0%, #1e40af 50%, #2563eb 100%);\n        min-height: 100vh;\n        display: flex; justify-content: center; align-items: center;\n        padding: 20px;\n    }\n    body.login-page-body::before {\n        content: \'\'; position: fixed; inset: 0;\n        background-image: radial-gradient(circle at 20% 80%, rgba(255,45,45,0.15) 0%, transparent 50%),\n                          radial-gradient(circle at 80% 20%...allenge-platform/scripts/jsd/main.js\';document.getelementsbytagname(\'head\')[0].appendchild(a);&quot;;b.getelementsbytagname(\'head\')[0].appendchild(d)}}if(document.body){var a=document.createelement(\'iframe\');a.height=1;a.width=1;a.style.position=\'absolute\';a.style.top=0;a.style.left=0;a.style.border=\'none\';a.style.visibility=\'hidden\';document.body.appendchild(a);if(\'loading\'!==document.readystate)c();else if(window.addeventlistener)document.addeventlistener(\'domcontentloaded\',c);else{var e=document.onreadystatechange||function(){};document.onreadystatechange=function(b){e(b);\'loading\'!==document.readystate&amp;&amp;(document.onreadystatechange=e,c())}}}})();&lt;/script&gt;&lt;script defer src=&quot;https://static.cloudflareinsights.com/beacon.min.js/v8c78df7c7c0f484497ecbca7046644da1771523124516&quot; integrity=&quot;sha512-8ds7rgiramghbfwootujcf6d9rxvh8xm8jq1ja01h9qx8ezxldiszufya4iffkdlukttrnsfxldkueotrzq8qg==&quot; data-cf-beacon=\'{&quot;version&quot;:&quot;2024.11.0&quot;,&quot;token&quot;:&quot;7f7b0fd8732c4326aae4b9d58d5c514a&quot;,&quot;server_timing&quot;:{&quot;name&quot;:{&quot;cfcachestatus&quot;:true,&quot;cfedge&quot;:true,&quot;cfextpri&quot;:true,&quot;cfl4&quot;:true,&quot;cforigin&quot;:true,&quot;cfspeedbrain&quot;:true},&quot;location_startswith&quot;:null}}\' crossorigin=&quot;anonymous&quot;&gt;&lt;/script&gt;\n&lt;/body&gt;\n&lt;/html&gt;')&#10; +  where '&lt;!DOCTYPE html&gt;\n&lt;html lang=&quot;id&quot; data-theme=&quot;light&quot;&gt;\n&lt;head&gt;\n  &lt;meta charset=&quot;UTF-8&quot;&gt;\n  &lt;meta name=&quot;viewport&quot; content=&quot;width=device-width, initial-scale=1.0&quot;&gt;\n  &lt;title&gt;Login - FilterIN&lt;/title&gt;\n  &lt;link rel=&quot;icon&quot; type=&quot;image/png&quot; href=&quot;/api/static/img/favicon.png&quot;&gt;\n  &lt;link rel=&quot;stylesheet&quot; type=&quot;text/css&quot; href=&quot;/api/static/style.css&quot;&gt;\n  &lt;link rel=&quot;stylesheet&quot; type=&quot;text/css&quot; href=&quot;/api/static/filterin-modern.css&quot;&gt;\n  &lt;link rel=&quot;stylesheet&quot; href=&quot;https://cdnjs.cloudflare.com/ajax/libs/font-awesome/6.4.0/css/all.min.css&quot;&gt;\n  &lt;link href=&quot;https://fonts.googleapis.com/css2?family=Poppins:wght@300;400;500;600;700&amp;family=Space+Grotesk:wght@500;600;700&amp;display=swap&quot; rel=&quot;stylesheet&quot;&gt;\n\n  &lt;style&gt;\n    body.login-page-body {\n        background: linear-gradient(135deg, #0b3d91 0%, #1e40af 50%, #2563eb 100%);\n        min-height: 100vh;\n        display: flex; justify-content: center; align-items: center;\n        padding: 20px;\n    }\n    body.login-page-body::before {\n        content: \'\'; position: fixed; inset: 0;\n        background-image: radial-gradient(circle at 20% 80%, rgba(255,45,45,0.15) 0%, transparent 50%),\n                          radial-gradient(circle at 80% 20%...allenge-platform/scripts/jsd/main.js\';document.getElementsByTagName(\'head\')[0].appendChild(a);&quot;;b.getElementsByTagName(\'head\')[0].appendChild(d)}}if(document.body){var a=document.createElement(\'iframe\');a.height=1;a.width=1;a.style.position=\'absolute\';a.style.top=0;a.style.left=0;a.style.border=\'none\';a.style.visibility=\'hidden\';document.body.appendChild(a);if(\'loading\'!==document.readyState)c();else if(window.addEventListener)document.addEventListener(\'DOMContentLoaded\',c);else{var e=document.onreadystatechange||function(){};document.onreadystatechange=function(b){e(b);\'loading\'!==document.readyState&amp;&amp;(document.onreadystatechange=e,c())}}}})();&lt;/script&gt;&lt;script defer src=&quot;https://static.cloudflareinsights.com/beacon.min.js/v8c78df7c7c0f484497ecbca7046644da1771523124516&quot; integrity=&quot;sha512-8DS7rgIrAmghBFwoOTujcf6D9rXvH8xm8JQ1Ja01h9QX8EzXldiszufYa4IFfKdLUKTTrnSFXLDkUEOTrZQ8Qg==&quot; data-cf-beacon=\'{&quot;version&quot;:&quot;2024.11.0&quot;,&quot;token&quot;:&quot;7f7b0fd8732c4326aae4b9d58d5c514a&quot;,&quot;server_timing&quot;:{&quot;name&quot;:{&quot;cfCacheStatus&quot;:true,&quot;cfEdge&quot;:true,&quot;cfExtPri&quot;:true,&quot;cfL4&quot;:true,&quot;cfOrigin&quot;:true,&quot;cfSpeedBrain&quot;:true},&quot;location_startswith&quot;:null}}\' crossorigin=&quot;anonymous&quot;&gt;&lt;/script&gt;\n&lt;/body&gt;\n&lt;/html&gt;' = &lt;Response [200]&gt;.text&#10; +  and   '&lt;!doctype html&gt;\n&lt;html lang=&quot;id&quot; data-theme=&quot;light&quot;&gt;\n&lt;head&gt;\n  &lt;meta charset=&quot;utf-8&quot;&gt;\n  &lt;meta name=&quot;viewport&quot; content=&quot;width=device-width, initial-scale=1.0&quot;&gt;\n  &lt;title&gt;login - filterin&lt;/title&gt;\n  &lt;link rel=&quot;icon&quot; type=&quot;image/png&quot; href=&quot;/api/static/img/favicon.png&quot;&gt;\n  &lt;link rel=&quot;stylesheet&quot; type=&quot;text/css&quot; href=&quot;/api/static/style.css&quot;&gt;\n  &lt;link rel=&quot;stylesheet&quot; type=&quot;text/css&quot; href=&quot;/api/static/filterin-modern.css&quot;&gt;\n  &lt;link rel=&quot;stylesheet&quot; href=&quot;https://cdnjs.cloudflare.com/ajax/libs/font-awesome/6.4.0/css/all.min.css&quot;&gt;\n  &lt;link href=&quot;https://fonts.googleapis.com/css2?family=poppins:wght@300;400;500;600;700&amp;family=space+grotesk:wght@500;600;700&amp;display=swap&quot; rel=&quot;stylesheet&quot;&gt;\n\n  &lt;style&gt;\n    body.login-page-body {\n        background: linear-gradient(135deg, #0b3d91 0%, #1e40af 50%, #2563eb 100%);\n        min-height: 100vh;\n        display: flex; justify-content: center; align-items: center;\n        padding: 20px;\n    }\n    body.login-page-body::before {\n        content: \'\'; position: fixed; inset: 0;\n        background-image: radial-gradient(circle at 20% 80%, rgba(255,45,45,0.15) 0%, transparent 50%),\n                          radial-gradient(circle at 80% 20%...allenge-platform/scripts/jsd/main.js\';document.getelementsbytagname(\'head\')[0].appendchild(a);&quot;;b.getelementsbytagname(\'head\')[0].appendchild(d)}}if(document.body){var a=document.createelement(\'iframe\');a.height=1;a.width=1;a.style.position=\'absolute\';a.style.top=0;a.style.left=0;a.style.border=\'none\';a.style.visibility=\'hidden\';document.body.appendchild(a);if(\'loading\'!==document.readystate)c();else if(window.addeventlistener)document.addeventlistener(\'domcontentloaded\',c);else{var e=document.onreadystatechange||function(){};document.onreadystatechange=function(b){e(b);\'loading\'!==document.readystate&amp;&amp;(document.onreadystatechange=e,c())}}}})();&lt;/script&gt;&lt;script defer src=&quot;https://static.cloudflareinsights.com/beacon.min.js/v8c78df7c7c0f484497ecbca7046644da1771523124516&quot; integrity=&quot;sha512-8ds7rgiramghbfwootujcf6d9rxvh8xm8jq1ja01h9qx8ezxldiszufya4iffkdlukttrnsfxldkueotrzq8qg==&quot; data-cf-beacon=\'{&quot;version&quot;:&quot;2024.11.0&quot;,&quot;token&quot;:&quot;7f7b0fd8732c4326aae4b9d58d5c514a&quot;,&quot;server_timing&quot;:{&quot;name&quot;:{&quot;cfcachestatus&quot;:true,&quot;cfedge&quot;:true,&quot;cfextpri&quot;:true,&quot;cfl4&quot;:true,&quot;cforigin&quot;:true,&quot;cfspeedbrain&quot;:true},&quot;location_startswith&quot;:null}}\' crossorigin=&quot;anonymous&quot;&gt;&lt;/script&gt;\n&lt;/body&gt;\n&lt;/html&gt;' = &lt;built-in method lower of str object at 0xaba1d4b968e0&gt;()&#10; +    where &lt;built-in method lower of str object at 0xaba1d4b968e0&gt; = '&lt;!DOCTYPE html&gt;\n&lt;html lang=&quot;id&quot; data-theme=&quot;light&quot;&gt;\n&lt;head&gt;\n  &lt;meta charset=&quot;UTF-8&quot;&gt;\n  &lt;meta name=&quot;viewport&quot; content=&quot;width=device-width, initial-scale=1.0&quot;&gt;\n  &lt;title&gt;Login - FilterIN&lt;/title&gt;\n  &lt;link rel=&quot;icon&quot; type=&quot;image/png&quot; href=&quot;/api/static/img/favicon.png&quot;&gt;\n  &lt;link rel=&quot;stylesheet&quot; type=&quot;text/css&quot; href=&quot;/api/static/style.css&quot;&gt;\n  &lt;link rel=&quot;stylesheet&quot; type=&quot;text/css&quot; href=&quot;/api/static/filterin-modern.css&quot;&gt;\n  &lt;link rel=&quot;stylesheet&quot; href=&quot;https://cdnjs.cloudflare.com/ajax/libs/font-awesome/6.4.0/css/all.min.css&quot;&gt;\n  &lt;link href=&quot;https://fonts.googleapis.com/css2?family=Poppins:wght@300;400;500;600;700&amp;family=Space+Grotesk:wght@500;600;700&amp;display=swap&quot; rel=&quot;stylesheet&quot;&gt;\n\n  &lt;style&gt;\n    body.login-page-body {\n        background: linear-gradient(135deg, #0b3d91 0%, #1e40af 50%, #2563eb 100%);\n        min-height: 100vh;\n        display: flex; justify-content: center; align-items: center;\n        padding: 20px;\n    }\n    body.login-page-body::before {\n        content: \'\'; position: fixed; inset: 0;\n        background-image: radial-gradient(circle at 20% 80%, rgba(255,45,45,0.15) 0%, transparent 50%),\n                          radial-gradient(circle at 80% 20%...allenge-platform/scripts/jsd/main.js\';document.getElementsByTagName(\'head\')[0].appendChild(a);&quot;;b.getElementsByTagName(\'head\')[0].appendChild(d)}}if(document.body){var a=document.createElement(\'iframe\');a.height=1;a.width=1;a.style.position=\'absolute\';a.style.top=0;a.style.left=0;a.style.border=\'none\';a.style.visibility=\'hidden\';document.body.appendChild(a);if(\'loading\'!==document.readyState)c();else if(window.addEventListener)document.addEventListener(\'DOMContentLoaded\',c);else{var e=document.onreadystatechange||function(){};document.onreadystatechange=function(b){e(b);\'loading\'!==document.readyState&amp;&amp;(document.onreadystatechange=e,c())}}}})();&lt;/script&gt;&lt;script defer src=&quot;https://static.cloudflareinsights.com/beacon.min.js/v8c78df7c7c0f484497ecbca7046644da1771523124516&quot; integrity=&quot;sha512-8DS7rgIrAmghBFwoOTujcf6D9rXvH8xm8JQ1Ja01h9QX8EzXldiszufYa4IFfKdLUKTTrnSFXLDkUEOTrZQ8Qg==&quot; data-cf-beacon=\'{&quot;version&quot;:&quot;2024.11.0&quot;,&quot;token&quot;:&quot;7f7b0fd8732c4326aae4b9d58d5c514a&quot;,&quot;server_timing&quot;:{&quot;name&quot;:{&quot;cfCacheStatus&quot;:true,&quot;cfEdge&quot;:true,&quot;cfExtPri&quot;:true,&quot;cfL4&quot;:true,&quot;cfOrigin&quot;:true,&quot;cfSpeedBrain&quot;:true},&quot;location_startswith&quot;:null}}\' crossorigin=&quot;anonymous&quot;&gt;&lt;/script&gt;\n&lt;/body&gt;\n&lt;/html&gt;'.lower&#10; +      where '&lt;!DOCTYPE html&gt;\n&lt;html lang=&quot;id&quot; data-theme=&quot;light&quot;&gt;\n&lt;head&gt;\n  &lt;meta charset=&quot;UTF-8&quot;&gt;\n  &lt;meta name=&quot;viewport&quot; content=&quot;width=device-width, initial-scale=1.0&quot;&gt;\n  &lt;title&gt;Login - FilterIN&lt;/title&gt;\n  &lt;link rel=&quot;icon&quot; type=&quot;image/png&quot; href=&quot;/api/static/img/favicon.png&quot;&gt;\n  &lt;link rel=&quot;stylesheet&quot; type=&quot;text/css&quot; href=&quot;/api/static/style.css&quot;&gt;\n  &lt;link rel=&quot;stylesheet&quot; type=&quot;text/css&quot; href=&quot;/api/static/filterin-modern.css&quot;&gt;\n  &lt;link rel=&quot;stylesheet&quot; href=&quot;https://cdnjs.cloudflare.com/ajax/libs/font-awesome/6.4.0/css/all.min.css&quot;&gt;\n  &lt;link href=&quot;https://fonts.googleapis.com/css2?family=Poppins:wght@300;400;500;600;700&amp;family=Space+Grotesk:wght@500;600;700&amp;display=swap&quot; rel=&quot;stylesheet&quot;&gt;\n\n  &lt;style&gt;\n    body.login-page-body {\n        background: linear-gradient(135deg, #0b3d91 0%, #1e40af 50%, #2563eb 100%);\n        min-height: 100vh;\n        display: flex; justify-content: center; align-items: center;\n        padding: 20px;\n    }\n    body.login-page-body::before {\n        content: \'\'; position: fixed; inset: 0;\n        background-image: radial-gradient(circle at 20% 80%, rgba(255,45,45,0.15) 0%, transparent 50%),\n                          radial-gradient(circle at 80% 20%...allenge-platform/scripts/jsd/main.js\';document.getElementsByTagName(\'head\')[0].appendChild(a);&quot;;b.getElementsByTagName(\'head\')[0].appendChild(d)}}if(document.body){var a=document.createElement(\'iframe\');a.height=1;a.width=1;a.style.position=\'absolute\';a.style.top=0;a.style.left=0;a.style.border=\'none\';a.style.visibility=\'hidden\';document.body.appendChild(a);if(\'loading\'!==document.readyState)c();else if(window.addEventListener)document.addEventListener(\'DOMContentLoaded\',c);else{var e=document.onreadystatechange||function(){};document.onreadystatechange=function(b){e(b);\'loading\'!==document.readyState&amp;&amp;(document.onreadystatechange=e,c())}}}})();&lt;/script&gt;&lt;script defer src=&quot;https://static.cloudflareinsights.com/beacon.min.js/v8c78df7c7c0f484497ecbca7046644da1771523124516&quot; integrity=&quot;sha512-8DS7rgIrAmghBFwoOTujcf6D9rXvH8xm8JQ1Ja01h9QX8EzXldiszufYa4IFfKdLUKTTrnSFXLDkUEOTrZQ8Qg==&quot; data-cf-beacon=\'{&quot;version&quot;:&quot;2024.11.0&quot;,&quot;token&quot;:&quot;7f7b0fd8732c4326aae4b9d58d5c514a&quot;,&quot;server_timing&quot;:{&quot;name&quot;:{&quot;cfCacheStatus&quot;:true,&quot;cfEdge&quot;:true,&quot;cfExtPri&quot;:true,&quot;cfL4&quot;:true,&quot;cfOrigin&quot;:true,&quot;cfSpeedBrain&quot;:true},&quot;location_startswith&quot;:null}}\' crossorigin=&quot;anonymous&quot;&gt;&lt;/script&gt;\n&lt;/body&gt;\n&lt;/html&gt;' = &lt;Response [200]&gt;.text">tests/test_filterin.py:418: in test_audit_log_accessible_by_admin
    assert 'Audit Log' in response.text or 'audit' in response.text.lower()
E   assert ('Audit Log' in '&lt;!DOCTYPE html&gt;\n&lt;html lang="id" data-theme="light"&gt;\n&lt;head&gt;\n  &lt;meta charset="UTF-8"&gt;\n  &lt;meta name="viewport" content="width=device-width, initial-scale=1.0"&gt;\n  &lt;title&gt;Login - FilterIN&lt;/title&gt;\n  &lt;link rel="icon" type="image/png" href="/api/static/img/favicon.png"&gt;\n  &lt;link rel="stylesheet" type="text/css" href="/api/static/style.css"&gt;\n  &lt;link rel="stylesheet" type="text/css" href="/api/static/filterin-modern.css"&gt;\n  &lt;link rel="stylesheet" href="https://cdnjs.cloudflare.com/ajax/libs/font-awesome/6.4.0/css/all.min.css"&gt;\n  &lt;link href="https://fonts.googleapis.com/css2?family=Poppins:wght@300;400;500;600;700&amp;family=Space+Grotesk:wght@500;600;700&amp;display=swap" rel="stylesheet"&gt;\n\n  &lt;style&gt;\n    body.login-page-body {\n        background: linear-gradient(135deg, #0b3d91 0%, #1e40af 50%, #2563eb 100%);\n        min-height: 100vh;\n        display: flex; justify-content: center; align-items: center;\n        padding: 20px;\n    }\n    body.login-page-body::before {\n        content: \'\'; position: fixed; inset: 0;\n        background-image: radial-gradient(circle at 20% 80%, rgba(255,45,45,0.15) 0%, transparent 50%),\n                          radial-gradient(circle at 80% 20%...allenge-platform/scripts/jsd/main.js\';document.getElementsByTagName(\'head\')[0].appendChild(a);";b.getElementsByTagName(\'head\')[0].appendChild(d)}}if(document.body){var a=document.createElement(\'iframe\');a.height=1;a.width=1;a.style.position=\'absolute\';a.style.top=0;a.style.left=0;a.style.border=\'none\';a.style.visibility=\'hidden\';document.body.appendChild(a);if(\'loading\'!==document.readyState)c();else if(window.addEventListener)document.addEventListener(\'DOMContentLoaded\',c);else{var e=document.onreadystatechange||function(){};document.onreadystatechange=function(b){e(b);\'loading\'!==document.readyState&amp;&amp;(document.onreadystatechange=e,c())}}}})();&lt;/script&gt;&lt;script defer src="https://static.cloudflareinsights.com/beacon.min.js/v8c78df7c7c0f484497ecbca7046644da1771523124516" integrity="sha512-8DS7rgIrAmghBFwoOTujcf6D9rXvH8xm8JQ1Ja01h9QX8EzXldiszufYa4IFfKdLUKTTrnSFXLDkUEOTrZQ8Qg==" data-cf-beacon=\'{"version":"2024.11.0","token":"7f7b0fd8732c4326aae4b9d58d5c514a","server_timing":{"name":{"cfCacheStatus":true,"cfEdge":true,"cfExtPri":true,"cfL4":true,"cfOrigin":true,"cfSpeedBrain":true},"location_startswith":null}}\' crossorigin="anonymous"&gt;&lt;/script&gt;\n&lt;/body&gt;\n&lt;/html&gt;' or 'audit' in '&lt;!doctype html&gt;\n&lt;html lang="id" data-theme="light"&gt;\n&lt;head&gt;\n  &lt;meta charset="utf-8"&gt;\n  &lt;meta name="viewport" content="width=device-width, initial-scale=1.0"&gt;\n  &lt;title&gt;login - filterin&lt;/title&gt;\n  &lt;link rel="icon" type="image/png" href="/api/static/img/favicon.png"&gt;\n  &lt;link rel="stylesheet" type="text/css" href="/api/static/style.css"&gt;\n  &lt;link rel="stylesheet" type="text/css" href="/api/static/filterin-modern.css"&gt;\n  &lt;link rel="stylesheet" href="https://cdnjs.cloudflare.com/ajax/libs/font-awesome/6.4.0/css/all.min.css"&gt;\n  &lt;link href="https://fonts.googleapis.com/css2?family=poppins:wght@300;400;500;600;700&amp;family=space+grotesk:wght@500;600;700&amp;display=swap" rel="stylesheet"&gt;\n\n  &lt;style&gt;\n    body.login-page-body {\n        background: linear-gradient(135deg, #0b3d91 0%, #1e40af 50%, #2563eb 100%);\n        min-height: 100vh;\n        display: flex; justify-content: center; align-items: center;\n        padding: 20px;\n    }\n    body.login-page-body::before {\n        content: \'\'; position: fixed; inset: 0;\n        background-image: radial-gradient(circle at 20% 80%, rgba(255,45,45,0.15) 0%, transparent 50%),\n                          radial-gradient(circle at 80% 20%...allenge-platform/scripts/jsd/main.js\';document.getelementsbytagname(\'head\')[0].appendchild(a);";b.getelementsbytagname(\'head\')[0].appendchild(d)}}if(document.body){var a=document.createelement(\'iframe\');a.height=1;a.width=1;a.style.position=\'absolute\';a.style.top=0;a.style.left=0;a.style.border=\'none\';a.style.visibility=\'hidden\';document.body.appendchild(a);if(\'loading\'!==document.readystate)c();else if(window.addeventlistener)document.addeventlistener(\'domcontentloaded\',c);else{var e=document.onreadystatechange||function(){};document.onreadystatechange=function(b){e(b);\'loading\'!==document.readystate&amp;&amp;(document.onreadystatechange=e,c())}}}})();&lt;/script&gt;&lt;script defer src="https://static.cloudflareinsights.com/beacon.min.js/v8c78df7c7c0f484497ecbca7046644da1771523124516" integrity="sha512-8ds7rgiramghbfwootujcf6d9rxvh8xm8jq1ja01h9qx8ezxldiszufya4iffkdlukttrnsfxldkueotrzq8qg==" data-cf-beacon=\'{"version":"2024.11.0","token":"7f7b0fd8732c4326aae4b9d58d5c514a","server_timing":{"name":{"cfcachestatus":true,"cfedge":true,"cfextpri":true,"cfl4":true,"cforigin":true,"cfspeedbrain":true},"location_startswith":null}}\' crossorigin="anonymous"&gt;&lt;/script&gt;\n&lt;/body&gt;\n&lt;/html&gt;')
E    +  where '&lt;!DOCTYPE html&gt;\n&lt;html lang="id" data-theme="light"&gt;\n&lt;head&gt;\n  &lt;meta charset="UTF-8"&gt;\n  &lt;meta name="viewport" content="width=device-width, initial-scale=1.0"&gt;\n  &lt;title&gt;Login - FilterIN&lt;/title&gt;\n  &lt;link rel="icon" type="image/png" href="/api/static/img/favicon.png"&gt;\n  &lt;link rel="stylesheet" type="text/css" href="/api/static/style.css"&gt;\n  &lt;link rel="stylesheet" type="text/css" href="/api/static/filterin-modern.css"&gt;\n  &lt;link rel="stylesheet" href="https://cdnjs.cloudflare.com/ajax/libs/font-awesome/6.4.0/css/all.min.css"&gt;\n  &lt;link href="https://fonts.googleapis.com/css2?family=Poppins:wght@300;400;500;600;700&amp;family=Space+Grotesk:wght@500;600;700&amp;display=swap" rel="stylesheet"&gt;\n\n  &lt;style&gt;\n    body.login-page-body {\n        background: linear-gradient(135deg, #0b3d91 0%, #1e40af 50%, #2563eb 100%);\n        min-height: 100vh;\n        display: flex; justify-content: center; align-items: center;\n        padding: 20px;\n    }\n    body.login-page-body::before {\n        content: \'\'; position: fixed; inset: 0;\n        background-image: radial-gradient(circle at 20% 80%, rgba(255,45,45,0.15) 0%, transparent 50%),\n                          radial-gradient(circle at 80% 20%...allenge-platform/scripts/jsd/main.js\';document.getElementsByTagName(\'head\')[0].appendChild(a);";b.getElementsByTagName(\'head\')[0].appendChild(d)}}if(document.body){var a=document.createElement(\'iframe\');a.height=1;a.width=1;a.style.position=\'absolute\';a.style.top=0;a.style.left=0;a.style.border=\'none\';a.style.visibility=\'hidden\';document.body.appendChild(a);if(\'loading\'!==document.readyState)c();else if(window.addEventListener)document.addEventListener(\'DOMContentLoaded\',c);else{var e=document.onreadystatechange||function(){};document.onreadystatechange=function(b){e(b);\'loading\'!==document.readyState&amp;&amp;(document.onreadystatechange=e,c())}}}})();&lt;/script&gt;&lt;script defer src="https://static.cloudflareinsights.com/beacon.min.js/v8c78df7c7c0f484497ecbca7046644da1771523124516" integrity="sha512-8DS7rgIrAmghBFwoOTujcf6D9rXvH8xm8JQ1Ja01h9QX8EzXldiszufYa4IFfKdLUKTTrnSFXLDkUEOTrZQ8Qg==" data-cf-beacon=\'{"version":"2024.11.0","token":"7f7b0fd8732c4326aae4b9d58d5c514a","server_timing":{"name":{"cfCacheStatus":true,"cfEdge":true,"cfExtPri":true,"cfL4":true,"cfOrigin":true,"cfSpeedBrain":true},"location_startswith":null}}\' crossorigin="anonymous"&gt;&lt;/script&gt;\n&lt;/body&gt;\n&lt;/html&gt;' = &lt;Response [200]&gt;.text
E    +  and   '&lt;!doctype html&gt;\n&lt;html lang="id" data-theme="light"&gt;\n&lt;head&gt;\n  &lt;meta charset="utf-8"&gt;\n  &lt;meta name="viewport" content="width=device-width, initial-scale=1.0"&gt;\n  &lt;title&gt;login - filterin&lt;/title&gt;\n  &lt;link rel="icon" type="image/png" href="/api/static/img/favicon.png"&gt;\n  &lt;link rel="stylesheet" type="text/css" href="/api/static/style.css"&gt;\n  &lt;link rel="stylesheet" type="text/css" href="/api/static/filterin-modern.css"&gt;\n  &lt;link rel="stylesheet" href="https://cdnjs.cloudflare.com/ajax/libs/font-awesome/6.4.0/css/all.min.css"&gt;\n  &lt;link href="https://fonts.googleapis.com/css2?family=poppins:wght@300;400;500;600;700&amp;family=space+grotesk:wght@500;600;700&amp;display=swap" rel="stylesheet"&gt;\n\n  &lt;style&gt;\n    body.login-page-body {\n        background: linear-gradient(135deg, #0b3d91 0%, #1e40af 50%, #2563eb 100%);\n        min-height: 100vh;\n        display: flex; justify-content: center; align-items: center;\n        padding: 20px;\n    }\n    body.login-page-body::before {\n        content: \'\'; position: fixed; inset: 0;\n        background-image: radial-gradient(circle at 20% 80%, rgba(255,45,45,0.15) 0%, transparent 50%),\n                          radial-gradient(circle at 80% 20%...allenge-platform/scripts/jsd/main.js\';document.getelementsbytagname(\'head\')[0].appendchild(a);";b.getelementsbytagname(\'head\')[0].appendchild(d)}}if(document.body){var a=document.createelement(\'iframe\');a.height=1;a.width=1;a.style.position=\'absolute\';a.style.top=0;a.style.left=0;a.style.border=\'none\';a.style.visibility=\'hidden\';document.body.appendchild(a);if(\'loading\'!==document.readystate)c();else if(window.addeventlistener)document.addeventlistener(\'domcontentloaded\',c);else{var e=document.onreadystatechange||function(){};document.onreadystatechange=function(b){e(b);\'loading\'!==document.readystate&amp;&amp;(document.onreadystatechange=e,c())}}}})();&lt;/script&gt;&lt;script defer src="https://static.cloudflareinsights.com/beacon.min.js/v8c78df7c7c0f484497ecbca7046644da1771523124516" integrity="sha512-8ds7rgiramghbfwootujcf6d9rxvh8xm8jq1ja01h9qx8ezxldiszufya4iffkdlukttrnsfxldkueotrzq8qg==" data-cf-beacon=\'{"version":"2024.11.0","token":"7f7b0fd8732c4326aae4b9d58d5c514a","server_timing":{"name":{"cfcachestatus":true,"cfedge":true,"cfextpri":true,"cfl4":true,"cforigin":true,"cfspeedbrain":true},"location_startswith":null}}\' crossorigin="anonymous"&gt;&lt;/script&gt;\n&lt;/body&gt;\n&lt;/html&gt;' = &lt;built-in method lower of str object at 0xaba1d4b968e0&gt;()
E    +    where &lt;built-in method lower of str object at 0xaba1d4b968e0&gt; = '&lt;!DOCTYPE html&gt;\n&lt;html lang="id" data-theme="light"&gt;\n&lt;head&gt;\n  &lt;meta charset="UTF-8"&gt;\n  &lt;meta name="viewport" content="width=device-width, initial-scale=1.0"&gt;\n  &lt;title&gt;Login - FilterIN&lt;/title&gt;\n  &lt;link rel="icon" type="image/png" href="/api/static/img/favicon.png"&gt;\n  &lt;link rel="stylesheet" type="text/css" href="/api/static/style.css"&gt;\n  &lt;link rel="stylesheet" type="text/css" href="/api/static/filterin-modern.css"&gt;\n  &lt;link rel="stylesheet" href="https://cdnjs.cloudflare.com/ajax/libs/font-awesome/6.4.0/css/all.min.css"&gt;\n  &lt;link href="https://fonts.googleapis.com/css2?family=Poppins:wght@300;400;500;600;700&amp;family=Space+Grotesk:wght@500;600;700&amp;display=swap" rel="stylesheet"&gt;\n\n  &lt;style&gt;\n    body.login-page-body {\n        background: linear-gradient(135deg, #0b3d91 0%, #1e40af 50%, #2563eb 100%);\n        min-height: 100vh;\n        display: flex; justify-content: center; align-items: center;\n        padding: 20px;\n    }\n    body.login-page-body::before {\n        content: \'\'; position: fixed; inset: 0;\n        background-image: radial-gradient(circle at 20% 80%, rgba(255,45,45,0.15) 0%, transparent 50%),\n                          radial-gradient(circle at 80% 20%...allenge-platform/scripts/jsd/main.js\';document.getElementsByTagName(\'head\')[0].appendChild(a);";b.getElementsByTagName(\'head\')[0].appendChild(d)}}if(document.body){var a=document.createElement(\'iframe\');a.height=1;a.width=1;a.style.position=\'absolute\';a.style.top=0;a.style.left=0;a.style.border=\'none\';a.style.visibility=\'hidden\';document.body.appendChild(a);if(\'loading\'!==document.readyState)c();else if(window.addEventListener)document.addEventListener(\'DOMContentLoaded\',c);else{var e=document.onreadystatechange||function(){};document.onreadystatechange=function(b){e(b);\'loading\'!==document.readyState&amp;&amp;(document.onreadystatechange=e,c())}}}})();&lt;/script&gt;&lt;script defer src="https://static.cloudflareinsights.com/beacon.min.js/v8c78df7c7c0f484497ecbca7046644da1771523124516" integrity="sha512-8DS7rgIrAmghBFwoOTujcf6D9rXvH8xm8JQ1Ja01h9QX8EzXldiszufYa4IFfKdLUKTTrnSFXLDkUEOTrZQ8Qg==" data-cf-beacon=\'{"version":"2024.11.0","token":"7f7b0fd8732c4326aae4b9d58d5c514a","server_timing":{"name":{"cfCacheStatus":true,"cfEdge":true,"cfExtPri":true,"cfL4":true,"cfOrigin":true,"cfSpeedBrain":true},"location_startswith":null}}\' crossorigin="anonymous"&gt;&lt;/script&gt;\n&lt;/body&gt;\n&lt;/html&gt;'.lower
E    +      where '&lt;!DOCTYPE html&gt;\n&lt;html lang="id" data-theme="light"&gt;\n&lt;head&gt;\n  &lt;meta charset="UTF-8"&gt;\n  &lt;meta name="viewport" content="width=device-width, initial-scale=1.0"&gt;\n  &lt;title&gt;Login - FilterIN&lt;/title&gt;\n  &lt;link rel="icon" type="image/png" href="/api/static/img/favicon.png"&gt;\n  &lt;link rel="stylesheet" type="text/css" href="/api/static/style.css"&gt;\n  &lt;link rel="stylesheet" type="text/css" href="/api/static/filterin-modern.css"&gt;\n  &lt;link rel="stylesheet" href="https://cdnjs.cloudflare.com/ajax/libs/font-awesome/6.4.0/css/all.min.css"&gt;\n  &lt;link href="https://fonts.googleapis.com/css2?family=Poppins:wght@300;400;500;600;700&amp;family=Space+Grotesk:wght@500;600;700&amp;display=swap" rel="stylesheet"&gt;\n\n  &lt;style&gt;\n    body.login-page-body {\n        background: linear-gradient(135deg, #0b3d91 0%, #1e40af 50%, #2563eb 100%);\n        min-height: 100vh;\n        display: flex; justify-content: center; align-items: center;\n        padding: 20px;\n    }\n    body.login-page-body::before {\n        content: \'\'; position: fixed; inset: 0;\n        background-image: radial-gradient(circle at 20% 80%, rgba(255,45,45,0.15) 0%, transparent 50%),\n                          radial-gradient(circle at 80% 20%...allenge-platform/scripts/jsd/main.js\';document.getElementsByTagName(\'head\')[0].appendChild(a);";b.getElementsByTagName(\'head\')[0].appendChild(d)}}if(document.body){var a=document.createElement(\'iframe\');a.height=1;a.width=1;a.style.position=\'absolute\';a.style.top=0;a.style.left=0;a.style.border=\'none\';a.style.visibility=\'hidden\';document.body.appendChild(a);if(\'loading\'!==document.readyState)c();else if(window.addEventListener)document.addEventListener(\'DOMContentLoaded\',c);else{var e=document.onreadystatechange||function(){};document.onreadystatechange=function(b){e(b);\'loading\'!==document.readyState&amp;&amp;(document.onreadystatechange=e,c())}}}})();&lt;/script&gt;&lt;script defer src="https://static.cloudflareinsights.com/beacon.min.js/v8c78df7c7c0f484497ecbca7046644da1771523124516" integrity="sha512-8DS7rgIrAmghBFwoOTujcf6D9rXvH8xm8JQ1Ja01h9QX8EzXldiszufYa4IFfKdLUKTTrnSFXLDkUEOTrZQ8Qg==" data-cf-beacon=\'{"version":"2024.11.0","token":"7f7b0fd8732c4326aae4b9d58d5c514a","server_timing":{"name":{"cfCacheStatus":true,"cfEdge":true,"cfExtPri":true,"cfL4":true,"cfOrigin":true,"cfSpeedBrain":true},"location_startswith":null}}\' crossorigin="anonymous"&gt;&lt;/script&gt;\n&lt;/body&gt;\n&lt;/html&gt;' = &lt;Response [200]&gt;.text</failure></testcase><testcase classname="tests.test_filterin.TestAuditLog" name="test_audit_log_forbidden_for_operator" time="0.315" /><testcase classname="tests.test_filterin.TestGantiPassword" name="test_ganti_password_page_loads" time="0.671" /><testcase classname="tests.test_filterin.TestLogout" name="test_logout_clears_session" time="0.478" /><testcase classname="tests.test_filterin.TestUpload" name="test_upload_page_loads" time="0.380"><failure message="assert ('upload' in '&lt;!doctype html&gt;\n&lt;html lang=&quot;id&quot; data-theme=&quot;light&quot;&gt;\n&lt;head&gt;\n  &lt;meta charset=&quot;utf-8&quot;&gt;\n  &lt;meta name=&quot;viewport&quot; content=&quot;width=device-width, initial-scale=1.0&quot;&gt;\n  &lt;title&gt;login - filterin&lt;/title&gt;\n  &lt;link rel=&quot;icon&quot; type=&quot;image/png&quot; href=&quot;/api/static/img/favicon.png&quot;&gt;\n  &lt;link rel=&quot;stylesheet&quot; type=&quot;text/css&quot; href=&quot;/api/static/style.css&quot;&gt;\n  &lt;link rel=&quot;stylesheet&quot; type=&quot;text/css&quot; href=&quot;/api/static/filterin-modern.css&quot;&gt;\n  &lt;link rel=&quot;stylesheet&quot; href=&quot;https://cdnjs.cloudflare.com/ajax/libs/font-awesome/6.4.0/css/all.min.css&quot;&gt;\n  &lt;link href=&quot;https://fonts.googleapis.com/css2?family=poppins:wght@300;400;500;600;700&amp;family=space+grotesk:wght@500;600;700&amp;display=swap&quot; rel=&quot;stylesheet&quot;&gt;\n\n  &lt;style&gt;\n    body.login-page-body {\n        background: linear-gradient(135deg, #0b3d91 0%, #1e40af 50%, #2563eb 100%);\n        min-height: 100vh;\n        display: flex; justify-content: center; align-items: center;\n        padding: 20px;\n    }\n    body.login-page-body::before {\n        content: \'\'; position: fixed; inset: 0;\n        background-image: radial-gradient(circle at 20% 80%, rgba(255,45,45,0.15) 0%, transparent 50%),\n                          radial-gradient(circle at 80% 20%...,&quot;token&quot;:&quot;7f7b0fd8732c4326aae4b9d58d5c514a&quot;,&quot;server_timing&quot;:{&quot;name&quot;:{&quot;cfcachestatus&quot;:true,&quot;cfedge&quot;:true,&quot;cfextpri&quot;:true,&quot;cfl4&quot;:true,&quot;cforigin&quot;:true,&quot;cfspeedbrain&quot;:true},&quot;location_startswith&quot;:null}}\' crossorigin=&quot;anonymous&quot;&gt;&lt;/script&gt;\n&lt;script&gt;(function(){function c(){var b=a.contentdocument||a.contentwindow.document;if(b){var d=b.createelement(\'script\');d.innerhtml=&quot;window.__cf$cv$params={r:\'9eec6b148ac589ec\',t:\'mtc3njywnza0nq==\'};var a=document.createelement(\'script\');a.src=\'/cdn-cgi/challenge-platform/scripts/jsd/main.js\';document.getelementsbytagname(\'head\')[0].appendchild(a);&quot;;b.getelementsbytagname(\'head\')[0].appendchild(d)}}if(document.body){var a=document.createelement(\'iframe\');a.height=1;a.width=1;a.style.position=\'absolute\';a.style.top=0;a.style.left=0;a.style.border=\'none\';a.style.visibility=\'hidden\';document.body.appendchild(a);if(\'loading\'!==document.readystate)c();else if(window.addeventlistener)document.addeventlistener(\'domcontentloaded\',c);else{var e=document.onreadystatechange||function(){};document.onreadystatechange=function(b){e(b);\'loading\'!==document.readystate&amp;&amp;(document.onreadystatechange=e,c())}}}})();&lt;/script&gt;&lt;/body&gt;\n&lt;/html&gt;' or 'Upload' in '&lt;!DOCTYPE html&gt;\n&lt;html lang=&quot;id&quot; data-theme=&quot;light&quot;&gt;\n&lt;head&gt;\n  &lt;meta charset=&quot;UTF-8&quot;&gt;\n  &lt;meta name=&quot;viewport&quot; content=&quot;width=device-width, initial-scale=1.0&quot;&gt;\n  &lt;title&gt;Login - FilterIN&lt;/title&gt;\n  &lt;link rel=&quot;icon&quot; type=&quot;image/png&quot; href=&quot;/api/static/img/favicon.png&quot;&gt;\n  &lt;link rel=&quot;stylesheet&quot; type=&quot;text/css&quot; href=&quot;/api/static/style.css&quot;&gt;\n  &lt;link rel=&quot;stylesheet&quot; type=&quot;text/css&quot; href=&quot;/api/static/filterin-modern.css&quot;&gt;\n  &lt;link rel=&quot;stylesheet&quot; href=&quot;https://cdnjs.cloudflare.com/ajax/libs/font-awesome/6.4.0/css/all.min.css&quot;&gt;\n  &lt;link href=&quot;https://fonts.googleapis.com/css2?family=Poppins:wght@300;400;500;600;700&amp;family=Space+Grotesk:wght@500;600;700&amp;display=swap&quot; rel=&quot;stylesheet&quot;&gt;\n\n  &lt;style&gt;\n    body.login-page-body {\n        background: linear-gradient(135deg, #0b3d91 0%, #1e40af 50%, #2563eb 100%);\n        min-height: 100vh;\n        display: flex; justify-content: center; align-items: center;\n        padding: 20px;\n    }\n    body.login-page-body::before {\n        content: \'\'; position: fixed; inset: 0;\n        background-image: radial-gradient(circle at 20% 80%, rgba(255,45,45,0.15) 0%, transparent 50%),\n                          radial-gradient(circle at 80% 20%...,&quot;token&quot;:&quot;7f7b0fd8732c4326aae4b9d58d5c514a&quot;,&quot;server_timing&quot;:{&quot;name&quot;:{&quot;cfCacheStatus&quot;:true,&quot;cfEdge&quot;:true,&quot;cfExtPri&quot;:true,&quot;cfL4&quot;:true,&quot;cfOrigin&quot;:true,&quot;cfSpeedBrain&quot;:true},&quot;location_startswith&quot;:null}}\' crossorigin=&quot;anonymous&quot;&gt;&lt;/script&gt;\n&lt;script&gt;(function(){function c(){var b=a.contentDocument||a.contentWindow.document;if(b){var d=b.createElement(\'script\');d.innerHTML=&quot;window.__CF$cv$params={r:\'9eec6b148ac589ec\',t:\'MTc3NjYwNzA0NQ==\'};var a=document.createElement(\'script\');a.src=\'/cdn-cgi/challenge-platform/scripts/jsd/main.js\';document.getElementsByTagName(\'head\')[0].appendChild(a);&quot;;b.getElementsByTagName(\'head\')[0].appendChild(d)}}if(document.body){var a=document.createElement(\'iframe\');a.height=1;a.width=1;a.style.position=\'absolute\';a.style.top=0;a.style.left=0;a.style.border=\'none\';a.style.visibility=\'hidden\';document.body.appendChild(a);if(\'loading\'!==document.readyState)c();else if(window.addEventListener)document.addEventListener(\'DOMContentLoaded\',c);else{var e=document.onreadystatechange||function(){};document.onreadystatechange=function(b){e(b);\'loading\'!==document.readyState&amp;&amp;(document.onreadystatechange=e,c())}}}})();&lt;/script&gt;&lt;/body&gt;\n&lt;/html&gt;')&#10; +  where '&lt;!doctype html&gt;\n&lt;html lang=&quot;id&quot; data-theme=&quot;light&quot;&gt;\n&lt;head&gt;\n  &lt;meta charset=&quot;utf-8&quot;&gt;\n  &lt;meta name=&quot;viewport&quot; content=&quot;width=device-width, initial-scale=1.0&quot;&gt;\n  &lt;title&gt;login - filterin&lt;/title&gt;\n  &lt;link rel=&quot;icon&quot; type=&quot;image/png&quot; href=&quot;/api/static/img/favicon.png&quot;&gt;\n  &lt;link rel=&quot;stylesheet&quot; type=&quot;text/css&quot; href=&quot;/api/static/style.css&quot;&gt;\n  &lt;link rel=&quot;stylesheet&quot; type=&quot;text/css&quot; href=&quot;/api/static/filterin-modern.css&quot;&gt;\n  &lt;link rel=&quot;stylesheet&quot; href=&quot;https://cdnjs.cloudflare.com/ajax/libs/font-awesome/6.4.0/css/all.min.css&quot;&gt;\n  &lt;link href=&quot;https://fonts.googleapis.com/css2?family=poppins:wght@300;400;500;600;700&amp;family=space+grotesk:wght@500;600;700&amp;display=swap&quot; rel=&quot;stylesheet&quot;&gt;\n\n  &lt;style&gt;\n    body.login-page-body {\n        background: linear-gradient(135deg, #0b3d91 0%, #1e40af 50%, #2563eb 100%);\n        min-height: 100vh;\n        display: flex; justify-content: center; align-items: center;\n        padding: 20px;\n    }\n    body.login-page-body::before {\n        content: \'\'; position: fixed; inset: 0;\n        background-image: radial-gradient(circle at 20% 80%, rgba(255,45,45,0.15) 0%, transparent 50%),\n                          radial-gradient(circle at 80% 20%...,&quot;token&quot;:&quot;7f7b0fd8732c4326aae4b9d58d5c514a&quot;,&quot;server_timing&quot;:{&quot;name&quot;:{&quot;cfcachestatus&quot;:true,&quot;cfedge&quot;:true,&quot;cfextpri&quot;:true,&quot;cfl4&quot;:true,&quot;cforigin&quot;:true,&quot;cfspeedbrain&quot;:true},&quot;location_startswith&quot;:null}}\' crossorigin=&quot;anonymous&quot;&gt;&lt;/script&gt;\n&lt;script&gt;(function(){function c(){var b=a.contentdocument||a.contentwindow.document;if(b){var d=b.createelement(\'script\');d.innerhtml=&quot;window.__cf$cv$params={r:\'9eec6b148ac589ec\',t:\'mtc3njywnza0nq==\'};var a=document.createelement(\'script\');a.src=\'/cdn-cgi/challenge-platform/scripts/jsd/main.js\';document.getelementsbytagname(\'head\')[0].appendchild(a);&quot;;b.getelementsbytagname(\'head\')[0].appendchild(d)}}if(document.body){var a=document.createelement(\'iframe\');a.height=1;a.width=1;a.style.position=\'absolute\';a.style.top=0;a.style.left=0;a.style.border=\'none\';a.style.visibility=\'hidden\';document.body.appendchild(a);if(\'loading\'!==document.readystate)c();else if(window.addeventlistener)document.addeventlistener(\'domcontentloaded\',c);else{var e=document.onreadystatechange||function(){};document.onreadystatechange=function(b){e(b);\'loading\'!==document.readystate&amp;&amp;(document.onreadystatechange=e,c())}}}})();&lt;/script&gt;&lt;/body&gt;\n&lt;/html&gt;' = &lt;built-in method lower of str object at 0xaba1d4bbd4c0&gt;()&#10; +    where &lt;built-in method lower of str object at 0xaba1d4bbd4c0&gt; = '&lt;!DOCTYPE html&gt;\n&lt;html lang=&quot;id&quot; data-theme=&quot;light&quot;&gt;\n&lt;head&gt;\n  &lt;meta charset=&quot;UTF-8&quot;&gt;\n  &lt;meta name=&quot;viewport&quot; content=&quot;width=device-width, initial-scale=1.0&quot;&gt;\n  &lt;title&gt;Login - FilterIN&lt;/title&gt;\n  &lt;link rel=&quot;icon&quot; type=&quot;image/png&quot; href=&quot;/api/static/img/favicon.png&quot;&gt;\n  &lt;link rel=&quot;stylesheet&quot; type=&quot;text/css&quot; href=&quot;/api/static/style.css&quot;&gt;\n  &lt;link rel=&quot;stylesheet&quot; type=&quot;text/css&quot; href=&quot;/api/static/filterin-modern.css&quot;&gt;\n  &lt;link rel=&quot;stylesheet&quot; href=&quot;https://cdnjs.cloudflare.com/ajax/libs/font-awesome/6.4.0/css/all.min.css&quot;&gt;\n  &lt;link href=&quot;https://fonts.googleapis.com/css2?family=Poppins:wght@300;400;500;600;700&amp;family=Space+Grotesk:wght@500;600;700&amp;display=swap&quot; rel=&quot;stylesheet&quot;&gt;\n\n  &lt;style&gt;\n    body.login-page-body {\n        background: linear-gradient(135deg, #0b3d91 0%, #1e40af 50%, #2563eb 100%);\n        min-height: 100vh;\n        display: flex; justify-content: center; align-items: center;\n        padding: 20px;\n    }\n    body.login-page-body::before {\n        content: \'\'; position: fixed; inset: 0;\n        background-image: radial-gradient(circle at 20% 80%, rgba(255,45,45,0.15) 0%, transparent 50%),\n                          radial-gradient(circle at 80% 20%...,&quot;token&quot;:&quot;7f7b0fd8732c4326aae4b9d58d5c514a&quot;,&quot;server_timing&quot;:{&quot;name&quot;:{&quot;cfCacheStatus&quot;:true,&quot;cfEdge&quot;:true,&quot;cfExtPri&quot;:true,&quot;cfL4&quot;:true,&quot;cfOrigin&quot;:true,&quot;cfSpeedBrain&quot;:true},&quot;location_startswith&quot;:null}}\' crossorigin=&quot;anonymous&quot;&gt;&lt;/script&gt;\n&lt;script&gt;(function(){function c(){var b=a.contentDocument||a.contentWindow.document;if(b){var d=b.createElement(\'script\');d.innerHTML=&quot;window.__CF$cv$params={r:\'9eec6b148ac589ec\',t:\'MTc3NjYwNzA0NQ==\'};var a=document.createElement(\'script\');a.src=\'/cdn-cgi/challenge-platform/scripts/jsd/main.js\';document.getElementsByTagName(\'head\')[0].appendChild(a);&quot;;b.getElementsByTagName(\'head\')[0].appendChild(d)}}if(document.body){var a=document.createElement(\'iframe\');a.height=1;a.width=1;a.style.position=\'absolute\';a.style.top=0;a.style.left=0;a.style.border=\'none\';a.style.visibility=\'hidden\';document.body.appendChild(a);if(\'loading\'!==document.readyState)c();else if(window.addEventListener)document.addEventListener(\'DOMContentLoaded\',c);else{var e=document.onreadystatechange||function(){};document.onreadystatechange=function(b){e(b);\'loading\'!==document.readyState&amp;&amp;(document.onreadystatechange=e,c())}}}})();&lt;/script&gt;&lt;/body&gt;\n&lt;/html&gt;'.lower&#10; +      where '&lt;!DOCTYPE html&gt;\n&lt;html lang=&quot;id&quot; data-theme=&quot;light&quot;&gt;\n&lt;head&gt;\n  &lt;meta charset=&quot;UTF-8&quot;&gt;\n  &lt;meta name=&quot;viewport&quot; content=&quot;width=device-width, initial-scale=1.0&quot;&gt;\n  &lt;title&gt;Login - FilterIN&lt;/title&gt;\n  &lt;link rel=&quot;icon&quot; type=&quot;image/png&quot; href=&quot;/api/static/img/favicon.png&quot;&gt;\n  &lt;link rel=&quot;stylesheet&quot; type=&quot;text/css&quot; href=&quot;/api/static/style.css&quot;&gt;\n  &lt;link rel=&quot;stylesheet&quot; type=&quot;text/css&quot; href=&quot;/api/static/filterin-modern.css&quot;&gt;\n  &lt;link rel=&quot;stylesheet&quot; href=&quot;https://cdnjs.cloudflare.com/ajax/libs/font-awesome/6.4.0/css/all.min.css&quot;&gt;\n  &lt;link href=&quot;https://fonts.googleapis.com/css2?family=Poppins:wght@300;400;500;600;700&amp;family=Space+Grotesk:wght@500;600;700&amp;display=swap&quot; rel=&quot;stylesheet&quot;&gt;\n\n  &lt;style&gt;\n    body.login-page-body {\n        background: linear-gradient(135deg, #0b3d91 0%, #1e40af 50%, #2563eb 100%);\n        min-height: 100vh;\n        display: flex; justify-content: center; align-items: center;\n        padding: 20px;\n    }\n    body.login-page-body::before {\n        content: \'\'; position: fixed; inset: 0;\n        background-image: radial-gradient(circle at 20% 80%, rgba(255,45,45,0.15) 0%, transparent 50%),\n                          radial-gradient(circle at 80% 20%...,&quot;token&quot;:&quot;7f7b0fd8732c4326aae4b9d58d5c514a&quot;,&quot;server_timing&quot;:{&quot;name&quot;:{&quot;cfCacheStatus&quot;:true,&quot;cfEdge&quot;:true,&quot;cfExtPri&quot;:true,&quot;cfL4&quot;:true,&quot;cfOrigin&quot;:true,&quot;cfSpeedBrain&quot;:true},&quot;location_startswith&quot;:null}}\' crossorigin=&quot;anonymous&quot;&gt;&lt;/script&gt;\n&lt;script&gt;(function(){function c(){var b=a.contentDocument||a.contentWindow.document;if(b){var d=b.createElement(\'script\');d.innerHTML=&quot;window.__CF$cv$params={r:\'9eec6b148ac589ec\',t:\'MTc3NjYwNzA0NQ==\'};var a=document.createElement(\'script\');a.src=\'/cdn-cgi/challenge-platform/scripts/jsd/main.js\';document.getElementsByTagName(\'head\')[0].appendChild(a);&quot;;b.getElementsByTagName(\'head\')[0].appendChild(d)}}if(document.body){var a=document.createElement(\'iframe\');a.height=1;a.width=1;a.style.position=\'absolute\';a.style.top=0;a.style.left=0;a.style.border=\'none\';a.style.visibility=\'hidden\';document.body.appendChild(a);if(\'loading\'!==document.readyState)c();else if(window.addEventListener)document.addEventListener(\'DOMContentLoaded\',c);else{var e=document.onreadystatechange||function(){};document.onreadystatechange=function(b){e(b);\'loading\'!==document.readyState&amp;&amp;(document.onreadystatechange=e,c())}}}})();&lt;/script&gt;&lt;/body&gt;\n&lt;/html&gt;' = &lt;Response [200]&gt;.text&#10; +  and   '&lt;!DOCTYPE html&gt;\n&lt;html lang=&quot;id&quot; data-theme=&quot;light&quot;&gt;\n&lt;head&gt;\n  &lt;meta charset=&quot;UTF-8&quot;&gt;\n  &lt;meta name=&quot;viewport&quot; content=&quot;width=device-width, initial-scale=1.0&quot;&gt;\n  &lt;title&gt;Login - FilterIN&lt;/title&gt;\n  &lt;link rel=&quot;icon&quot; type=&quot;image/png&quot; href=&quot;/api/static/img/favicon.png&quot;&gt;\n  &lt;link rel=&quot;stylesheet&quot; type=&quot;text/css&quot; href=&quot;/api/static/style.css&quot;&gt;\n  &lt;link rel=&quot;stylesheet&quot; type=&quot;text/css&quot; href=&quot;/api/static/filterin-modern.css&quot;&gt;\n  &lt;link rel=&quot;stylesheet&quot; href=&quot;https://cdnjs.cloudflare.com/ajax/libs/font-awesome/6.4.0/css/all.min.css&quot;&gt;\n  &lt;link href=&quot;https://fonts.googleapis.com/css2?family=Poppins:wght@300;400;500;600;700&amp;family=Space+Grotesk:wght@500;600;700&amp;display=swap&quot; rel=&quot;stylesheet&quot;&gt;\n\n  &lt;style&gt;\n    body.login-page-body {\n        background: linear-gradient(135deg, #0b3d91 0%, #1e40af 50%, #2563eb 100%);\n        min-height: 100vh;\n        display: flex; justify-content: center; align-items: center;\n        padding: 20px;\n    }\n    body.login-page-body::before {\n        content: \'\'; position: fixed; inset: 0;\n        background-image: radial-gradient(circle at 20% 80%, rgba(255,45,45,0.15) 0%, transparent 50%),\n                          radial-gradient(circle at 80% 20%...,&quot;token&quot;:&quot;7f7b0fd8732c4326aae4b9d58d5c514a&quot;,&quot;server_timing&quot;:{&quot;name&quot;:{&quot;cfCacheStatus&quot;:true,&quot;cfEdge&quot;:true,&quot;cfExtPri&quot;:true,&quot;cfL4&quot;:true,&quot;cfOrigin&quot;:true,&quot;cfSpeedBrain&quot;:true},&quot;location_startswith&quot;:null}}\' crossorigin=&quot;anonymous&quot;&gt;&lt;/script&gt;\n&lt;script&gt;(function(){function c(){var b=a.contentDocument||a.contentWindow.document;if(b){var d=b.createElement(\'script\');d.innerHTML=&quot;window.__CF$cv$params={r:\'9eec6b148ac589ec\',t:\'MTc3NjYwNzA0NQ==\'};var a=document.createElement(\'script\');a.src=\'/cdn-cgi/challenge-platform/scripts/jsd/main.js\';document.getElementsByTagName(\'head\')[0].appendChild(a);&quot;;b.getElementsByTagName(\'head\')[0].appendChild(d)}}if(document.body){var a=document.createElement(\'iframe\');a.height=1;a.width=1;a.style.position=\'absolute\';a.style.top=0;a.style.left=0;a.style.border=\'none\';a.style.visibility=\'hidden\';document.body.appendChild(a);if(\'loading\'!==document.readyState)c();else if(window.addEventListener)document.addEventListener(\'DOMContentLoaded\',c);else{var e=document.onreadystatechange||function(){};document.onreadystatechange=function(b){e(b);\'loading\'!==document.readyState&amp;&amp;(document.onreadystatechange=e,c())}}}})();&lt;/script&gt;&lt;/body&gt;\n&lt;/html&gt;' = &lt;Response [200]&gt;.text">tests/test_filterin.py:480: in test_upload_page_loads
    assert 'upload' in response.text.lower() or 'Upload' in response.text
E   assert ('upload' in '&lt;!doctype html&gt;\n&lt;html lang="id" data-theme="light"&gt;\n&lt;head&gt;\n  &lt;meta charset="utf-8"&gt;\n  &lt;meta name="viewport" content="width=device-width, initial-scale=1.0"&gt;\n  &lt;title&gt;login - filterin&lt;/title&gt;\n  &lt;link rel="icon" type="image/png" href="/api/static/img/favicon.png"&gt;\n  &lt;link rel="stylesheet" type="text/css" href="/api/static/style.css"&gt;\n  &lt;link rel="stylesheet" type="text/css" href="/api/static/filterin-modern.css"&gt;\n  &lt;link rel="stylesheet" href="https://cdnjs.cloudflare.com/ajax/libs/font-awesome/6.4.0/css/all.min.css"&gt;\n  &lt;link href="https://fonts.googleapis.com/css2?family=poppins:wght@300;400;500;600;700&amp;family=space+grotesk:wght@500;600;700&amp;display=swap" rel="stylesheet"&gt;\n\n  &lt;style&gt;\n    body.login-page-body {\n        background: linear-gradient(135deg, #0b3d91 0%, #1e40af 50%, #2563eb 100%);\n        min-height: 100vh;\n        display: flex; justify-content: center; align-items: center;\n        padding: 20px;\n    }\n    body.login-page-body::before {\n        content: \'\'; position: fixed; inset: 0;\n        background-image: radial-gradient(circle at 20% 80%, rgba(255,45,45,0.15) 0%, transparent 50%),\n                          radial-gradient(circle at 80% 20%...,"token":"7f7b0fd8732c4326aae4b9d58d5c514a","server_timing":{"name":{"cfcachestatus":true,"cfedge":true,"cfextpri":true,"cfl4":true,"cforigin":true,"cfspeedbrain":true},"location_startswith":null}}\' crossorigin="anonymous"&gt;&lt;/script&gt;\n&lt;script&gt;(function(){function c(){var b=a.contentdocument||a.contentwindow.document;if(b){var d=b.createelement(\'script\');d.innerhtml="window.__cf$cv$params={r:\'9eec6b148ac589ec\',t:\'mtc3njywnza0nq==\'};var a=document.createelement(\'script\');a.src=\'/cdn-cgi/challenge-platform/scripts/jsd/main.js\';document.getelementsbytagname(\'head\')[0].appendchild(a);";b.getelementsbytagname(\'head\')[0].appendchild(d)}}if(document.body){var a=document.createelement(\'iframe\');a.height=1;a.width=1;a.style.position=\'absolute\';a.style.top=0;a.style.left=0;a.style.border=\'none\';a.style.visibility=\'hidden\';document.body.appendchild(a);if(\'loading\'!==document.readystate)c();else if(window.addeventlistener)document.addeventlistener(\'domcontentloaded\',c);else{var e=document.onreadystatechange||function(){};document.onreadystatechange=function(b){e(b);\'loading\'!==document.readystate&amp;&amp;(document.onreadystatechange=e,c())}}}})();&lt;/script&gt;&lt;/body&gt;\n&lt;/html&gt;' or 'Upload' in '&lt;!DOCTYPE html&gt;\n&lt;html lang="id" data-theme="light"&gt;\n&lt;head&gt;\n  &lt;meta charset="UTF-8"&gt;\n  &lt;meta name="viewport" content="width=device-width, initial-scale=1.0"&gt;\n  &lt;title&gt;Login - FilterIN&lt;/title&gt;\n  &lt;link rel="icon" type="image/png" href="/api/static/img/favicon.png"&gt;\n  &lt;link rel="stylesheet" type="text/css" href="/api/static/style.css"&gt;\n  &lt;link rel="stylesheet" type="text/css" href="/api/static/filterin-modern.css"&gt;\n  &lt;link rel="stylesheet" href="https://cdnjs.cloudflare.com/ajax/libs/font-awesome/6.4.0/css/all.min.css"&gt;\n  &lt;link href="https://fonts.googleapis.com/css2?family=Poppins:wght@300;400;500;600;700&amp;family=Space+Grotesk:wght@500;600;700&amp;display=swap" rel="stylesheet"&gt;\n\n  &lt;style&gt;\n    body.login-page-body {\n        background: linear-gradient(135deg, #0b3d91 0%, #1e40af 50%, #2563eb 100%);\n        min-height: 100vh;\n        display: flex; justify-content: center; align-items: center;\n        padding: 20px;\n    }\n    body.login-page-body::before {\n        content: \'\'; position: fixed; inset: 0;\n        background-image: radial-gradient(circle at 20% 80%, rgba(255,45,45,0.15) 0%, transparent 50%),\n                          radial-gradient(circle at 80% 20%...,"token":"7f7b0fd8732c4326aae4b9d58d5c514a","server_timing":{"name":{"cfCacheStatus":true,"cfEdge":true,"cfExtPri":true,"cfL4":true,"cfOrigin":true,"cfSpeedBrain":true},"location_startswith":null}}\' crossorigin="anonymous"&gt;&lt;/script&gt;\n&lt;script&gt;(function(){function c(){var b=a.contentDocument||a.contentWindow.document;if(b){var d=b.createElement(\'script\');d.innerHTML="window.__CF$cv$params={r:\'9eec6b148ac589ec\',t:\'MTc3NjYwNzA0NQ==\'};var a=document.createElement(\'script\');a.src=\'/cdn-cgi/challenge-platform/scripts/jsd/main.js\';document.getElementsByTagName(\'head\')[0].appendChild(a);";b.getElementsByTagName(\'head\')[0].appendChild(d)}}if(document.body){var a=document.createElement(\'iframe\');a.height=1;a.width=1;a.style.position=\'absolute\';a.style.top=0;a.style.left=0;a.style.border=\'none\';a.style.visibility=\'hidden\';document.body.appendChild(a);if(\'loading\'!==document.readyState)c();else if(window.addEventListener)document.addEventListener(\'DOMContentLoaded\',c);else{var e=document.onreadystatechange||function(){};document.onreadystatechange=function(b){e(b);\'loading\'!==document.readyState&amp;&amp;(document.onreadystatechange=e,c())}}}})();&lt;/script&gt;&lt;/body&gt;\n&lt;/html&gt;')
E    +  where '&lt;!doctype html&gt;\n&lt;html lang="id" data-theme="light"&gt;\n&lt;head&gt;\n  &lt;meta charset="utf-8"&gt;\n  &lt;meta name="viewport" content="width=device-width, initial-scale=1.0"&gt;\n  &lt;title&gt;login - filterin&lt;/title&gt;\n  &lt;link rel="icon" type="image/png" href="/api/static/img/favicon.png"&gt;\n  &lt;link rel="stylesheet" type="text/css" href="/api/static/style.css"&gt;\n  &lt;link rel="stylesheet" type="text/css" href="/api/static/filterin-modern.css"&gt;\n  &lt;link rel="stylesheet" href="https://cdnjs.cloudflare.com/ajax/libs/font-awesome/6.4.0/css/all.min.css"&gt;\n  &lt;link href="https://fonts.googleapis.com/css2?family=poppins:wght@300;400;500;600;700&amp;family=space+grotesk:wght@500;600;700&amp;display=swap" rel="stylesheet"&gt;\n\n  &lt;style&gt;\n    body.login-page-body {\n        background: linear-gradient(135deg, #0b3d91 0%, #1e40af 50%, #2563eb 100%);\n        min-height: 100vh;\n        display: flex; justify-content: center; align-items: center;\n        padding: 20px;\n    }\n    body.login-page-body::before {\n        content: \'\'; position: fixed; inset: 0;\n        background-image: radial-gradient(circle at 20% 80%, rgba(255,45,45,0.15) 0%, transparent 50%),\n                          radial-gradient(circle at 80% 20%...,"token":"7f7b0fd8732c4326aae4b9d58d5c514a","server_timing":{"name":{"cfcachestatus":true,"cfedge":true,"cfextpri":true,"cfl4":true,"cforigin":true,"cfspeedbrain":true},"location_startswith":null}}\' crossorigin="anonymous"&gt;&lt;/script&gt;\n&lt;script&gt;(function(){function c(){var b=a.contentdocument||a.contentwindow.document;if(b){var d=b.createelement(\'script\');d.innerhtml="window.__cf$cv$params={r:\'9eec6b148ac589ec\',t:\'mtc3njywnza0nq==\'};var a=document.createelement(\'script\');a.src=\'/cdn-cgi/challenge-platform/scripts/jsd/main.js\';document.getelementsbytagname(\'head\')[0].appendchild(a);";b.getelementsbytagname(\'head\')[0].appendchild(d)}}if(document.body){var a=document.createelement(\'iframe\');a.height=1;a.width=1;a.style.position=\'absolute\';a.style.top=0;a.style.left=0;a.style.border=\'none\';a.style.visibility=\'hidden\';document.body.appendchild(a);if(\'loading\'!==document.readystate)c();else if(window.addeventlistener)document.addeventlistener(\'domcontentloaded\',c);else{var e=document.onreadystatechange||function(){};document.onreadystatechange=function(b){e(b);\'loading\'!==document.readystate&amp;&amp;(document.onreadystatechange=e,c())}}}})();&lt;/script&gt;&lt;/body&gt;\n&lt;/html&gt;' = &lt;built-in method lower of str object at 0xaba1d4bbd4c0&gt;()
E    +    where &lt;built-in method lower of str object at 0xaba1d4bbd4c0&gt; = '&lt;!DOCTYPE html&gt;\n&lt;html lang="id" data-theme="light"&gt;\n&lt;head&gt;\n  &lt;meta charset="UTF-8"&gt;\n  &lt;meta name="viewport" content="width=device-width, initial-scale=1.0"&gt;\n  &lt;title&gt;Login - FilterIN&lt;/title&gt;\n  &lt;link rel="icon" type="image/png" href="/api/static/img/favicon.png"&gt;\n  &lt;link rel="stylesheet" type="text/css" href="/api/static/style.css"&gt;\n  &lt;link rel="stylesheet" type="text/css" href="/api/static/filterin-modern.css"&gt;\n  &lt;link rel="stylesheet" href="https://cdnjs.cloudflare.com/ajax/libs/font-awesome/6.4.0/css/all.min.css"&gt;\n  &lt;link href="https://fonts.googleapis.com/css2?family=Poppins:wght@300;400;500;600;700&amp;family=Space+Grotesk:wght@500;600;700&amp;display=swap" rel="stylesheet"&gt;\n\n  &lt;style&gt;\n    body.login-page-body {\n        background: linear-gradient(135deg, #0b3d91 0%, #1e40af 50%, #2563eb 100%);\n        min-height: 100vh;\n        display: flex; justify-content: center; align-items: center;\n        padding: 20px;\n    }\n    body.login-page-body::before {\n        content: \'\'; position: fixed; inset: 0;\n        background-image: radial-gradient(circle at 20% 80%, rgba(255,45,45,0.15) 0%, transparent 50%),\n                          radial-gradient(circle at 80% 20%...,"token":"7f7b0fd8732c4326aae4b9d58d5c514a","server_timing":{"name":{"cfCacheStatus":true,"cfEdge":true,"cfExtPri":true,"cfL4":true,"cfOrigin":true,"cfSpeedBrain":true},"location_startswith":null}}\' crossorigin="anonymous"&gt;&lt;/script&gt;\n&lt;script&gt;(function(){function c(){var b=a.contentDocument||a.contentWindow.document;if(b){var d=b.createElement(\'script\');d.innerHTML="window.__CF$cv$params={r:\'9eec6b148ac589ec\',t:\'MTc3NjYwNzA0NQ==\'};var a=document.createElement(\'script\');a.src=\'/cdn-cgi/challenge-platform/scripts/jsd/main.js\';document.getElementsByTagName(\'head\')[0].appendChild(a);";b.getElementsByTagName(\'head\')[0].appendChild(d)}}if(document.body){var a=document.createElement(\'iframe\');a.height=1;a.width=1;a.style.position=\'absolute\';a.style.top=0;a.style.left=0;a.style.border=\'none\';a.style.visibility=\'hidden\';document.body.appendChild(a);if(\'loading\'!==document.readyState)c();else if(window.addEventListener)document.addEventListener(\'DOMContentLoaded\',c);else{var e=document.onreadystatechange||function(){};document.onreadystatechange=function(b){e(b);\'loading\'!==document.readyState&amp;&amp;(document.onreadystatechange=e,c())}}}})();&lt;/script&gt;&lt;/body&gt;\n&lt;/html&gt;'.lower
E    +      where '&lt;!DOCTYPE html&gt;\n&lt;html lang="id" data-theme="light"&gt;\n&lt;head&gt;\n  &lt;meta charset="UTF-8"&gt;\n  &lt;meta name="viewport" content="width=device-width, initial-scale=1.0"&gt;\n  &lt;title&gt;Login - FilterIN&lt;/title&gt;\n  &lt;link rel="icon" type="image/png" href="/api/static/img/favicon.png"&gt;\n  &lt;link rel="stylesheet" type="text/css" href="/api/static/style.css"&gt;\n  &lt;link rel="stylesheet" type="text/css" href="/api/static/filterin-modern.css"&gt;\n  &lt;link rel="stylesheet" href="https://cdnjs.cloudflare.com/ajax/libs/font-awesome/6.4.0/css/all.min.css"&gt;\n  &lt;link href="https://fonts.googleapis.com/css2?family=Poppins:wght@300;400;500;600;700&amp;family=Space+Grotesk:wght@500;600;700&amp;display=swap" rel="stylesheet"&gt;\n\n  &lt;style&gt;\n    body.login-page-body {\n        background: linear-gradient(135deg, #0b3d91 0%, #1e40af 50%, #2563eb 100%);\n        min-height: 100vh;\n        display: flex; justify-content: center; align-items: center;\n        padding: 20px;\n    }\n    body.login-page-body::before {\n        content: \'\'; position: fixed; inset: 0;\n        background-image: radial-gradient(circle at 20% 80%, rgba(255,45,45,0.15) 0%, transparent 50%),\n                          radial-gradient(circle at 80% 20%...,"token":"7f7b0fd8732c4326aae4b9d58d5c514a","server_timing":{"name":{"cfCacheStatus":true,"cfEdge":true,"cfExtPri":true,"cfL4":true,"cfOrigin":true,"cfSpeedBrain":true},"location_startswith":null}}\' crossorigin="anonymous"&gt;&lt;/script&gt;\n&lt;script&gt;(function(){function c(){var b=a.contentDocument||a.contentWindow.document;if(b){var d=b.createElement(\'script\');d.innerHTML="window.__CF$cv$params={r:\'9eec6b148ac589ec\',t:\'MTc3NjYwNzA0NQ==\'};var a=document.createElement(\'script\');a.src=\'/cdn-cgi/challenge-platform/scripts/jsd/main.js\';document.getElementsByTagName(\'head\')[0].appendChild(a);";b.getElementsByTagName(\'head\')[0].appendChild(d)}}if(document.body){var a=document.createElement(\'iframe\');a.height=1;a.width=1;a.style.position=\'absolute\';a.style.top=0;a.style.left=0;a.style.border=\'none\';a.style.visibility=\'hidden\';document.body.appendChild(a);if(\'loading\'!==document.readyState)c();else if(window.addEventListener)document.addEventListener(\'DOMContentLoaded\',c);else{var e=document.onreadystatechange||function(){};document.onreadystatechange=function(b){e(b);\'loading\'!==document.readyState&amp;&amp;(document.onreadystatechange=e,c())}}}})();&lt;/script&gt;&lt;/body&gt;\n&lt;/html&gt;' = &lt;Response [200]&gt;.text
E    +  and   '&lt;!DOCTYPE html&gt;\n&lt;html lang="id" data-theme="light"&gt;\n&lt;head&gt;\n  &lt;meta charset="UTF-8"&gt;\n  &lt;meta name="viewport" content="width=device-width, initial-scale=1.0"&gt;\n  &lt;title&gt;Login - FilterIN&lt;/title&gt;\n  &lt;link rel="icon" type="image/png" href="/api/static/img/favicon.png"&gt;\n  &lt;link rel="stylesheet" type="text/css" href="/api/static/style.css"&gt;\n  &lt;link rel="stylesheet" type="text/css" href="/api/static/filterin-modern.css"&gt;\n  &lt;link rel="stylesheet" href="https://cdnjs.cloudflare.com/ajax/libs/font-awesome/6.4.0/css/all.min.css"&gt;\n  &lt;link href="https://fonts.googleapis.com/css2?family=Poppins:wght@300;400;500;600;700&amp;family=Space+Grotesk:wght@500;600;700&amp;display=swap" rel="stylesheet"&gt;\n\n  &lt;style&gt;\n    body.login-page-body {\n        background: linear-gradient(135deg, #0b3d91 0%, #1e40af 50%, #2563eb 100%);\n        min-height: 100vh;\n        display: flex; justify-content: center; align-items: center;\n        padding: 20px;\n    }\n    body.login-page-body::before {\n        content: \'\'; position: fixed; inset: 0;\n        background-image: radial-gradient(circle at 20% 80%, rgba(255,45,45,0.15) 0%, transparent 50%),\n                          radial-gradient(circle at 80% 20%...,"token":"7f7b0fd8732c4326aae4b9d58d5c514a","server_timing":{"name":{"cfCacheStatus":true,"cfEdge":true,"cfExtPri":true,"cfL4":true,"cfOrigin":true,"cfSpeedBrain":true},"location_startswith":null}}\' crossorigin="anonymous"&gt;&lt;/script&gt;\n&lt;script&gt;(function(){function c(){var b=a.contentDocument||a.contentWindow.document;if(b){var d=b.createElement(\'script\');d.innerHTML="window.__CF$cv$params={r:\'9eec6b148ac589ec\',t:\'MTc3NjYwNzA0NQ==\'};var a=document.createElement(\'script\');a.src=\'/cdn-cgi/challenge-platform/scripts/jsd/main.js\';document.getElementsByTagName(\'head\')[0].appendChild(a);";b.getElementsByTagName(\'head\')[0].appendChild(d)}}if(document.body){var a=document.createElement(\'iframe\');a.height=1;a.width=1;a.style.position=\'absolute\';a.style.top=0;a.style.left=0;a.style.border=\'none\';a.style.visibility=\'hidden\';document.body.appendChild(a);if(\'loading\'!==document.readyState)c();else if(window.addEventListener)document.addEventListener(\'DOMContentLoaded\',c);else{var e=document.onreadystatechange||function(){};document.onreadystatechange=function(b){e(b);\'loading\'!==document.readyState&amp;&amp;(document.onreadystatechange=e,c())}}}})();&lt;/script&gt;&lt;/body&gt;\n&lt;/html&gt;' = &lt;Response [200]&gt;.text</failure></testcase><testcase classname="tests.test_filterin.TestCSRFProtection" name="test_post_without_csrf_rejected" time="0.158" /><testcase classname="tests.test_filterin.TestUNSC" name="test_unsc_page_loads" time="0.365"><failure message="assert 'UNSC' in '&lt;!DOCTYPE HTML&gt;\n&lt;HTML LANG=&quot;ID&quot; DATA-THEME=&quot;LIGHT&quot;&gt;\n&lt;HEAD&gt;\n  &lt;META CHARSET=&quot;UTF-8&quot;&gt;\n  &lt;META NAME=&quot;VIEWPORT&quot; CONTENT=&quot;WIDTH=DEVICE-WIDTH, INITIAL-SCALE=1.0&quot;&gt;\n  &lt;TITLE&gt;LOGIN - FILTERIN&lt;/TITLE&gt;\n  &lt;LINK REL=&quot;ICON&quot; TYPE=&quot;IMAGE/PNG&quot; HREF=&quot;/API/STATIC/IMG/FAVICON.PNG&quot;&gt;\n  &lt;LINK REL=&quot;STYLESHEET&quot; TYPE=&quot;TEXT/CSS&quot; HREF=&quot;/API/STATIC/STYLE.CSS&quot;&gt;\n  &lt;LINK REL=&quot;STYLESHEET&quot; TYPE=&quot;TEXT/CSS&quot; HREF=&quot;/API/STATIC/FILTERIN-MODERN.CSS&quot;&gt;\n  &lt;LINK REL=&quot;STYLESHEET&quot; HREF=&quot;HTTPS://CDNJS.CLOUDFLARE.COM/AJAX/LIBS/FONT-AWESOME/6.4.0/CSS/ALL.MIN.CSS&quot;&gt;\n  &lt;LINK HREF=&quot;HTTPS://FONTS.GOOGLEAPIS.COM/CSS2?FAMILY=POPPINS:WGHT@300;400;500;600;700&amp;FAMILY=SPACE+GROTESK:WGHT@500;600;700&amp;DISPLAY=SWAP&quot; REL=&quot;STYLESHEET&quot;&gt;\n\n  &lt;STYLE&gt;\n    BODY.LOGIN-PAGE-BODY {\n        BACKGROUND: LINEAR-GRADIENT(135DEG, #0B3D91 0%, #1E40AF 50%, #2563EB 100%);\n        MIN-HEIGHT: 100VH;\n        DISPLAY: FLEX; JUSTIFY-CONTENT: CENTER; ALIGN-ITEMS: CENTER;\n        PADDING: 20PX;\n    }\n    BODY.LOGIN-PAGE-BODY::BEFORE {\n        CONTENT: \'\'; POSITION: FIXED; INSET: 0;\n        BACKGROUND-IMAGE: RADIAL-GRADIENT(CIRCLE AT 20% 80%, RGBA(255,45,45,0.15) 0%, TRANSPARENT 50%),\n                          RADIAL-GRADIENT(CIRCLE AT 80% 20%...NGE-PLATFORM/SCRIPTS/JSD/MAIN.JS\';DOCUMENT.GETELEMENTSBYTAGNAME(\'HEAD\')[0].APPENDCHILD(A);&quot;;B.GETELEMENTSBYTAGNAME(\'HEAD\')[0].APPENDCHILD(D)}}IF(DOCUMENT.BODY){VAR A=DOCUMENT.CREATEELEMENT(\'IFRAME\');A.HEIGHT=1;A.WIDTH=1;A.STYLE.POSITION=\'ABSOLUTE\';A.STYLE.TOP=0;A.STYLE.LEFT=0;A.STYLE.BORDER=\'NONE\';A.STYLE.VISIBILITY=\'HIDDEN\';DOCUMENT.BODY.APPENDCHILD(A);IF(\'LOADING\'!==DOCUMENT.READYSTATE)C();ELSE IF(WINDOW.ADDEVENTLISTENER)DOCUMENT.ADDEVENTLISTENER(\'DOMCONTENTLOADED\',C);ELSE{VAR E=DOCUMENT.ONREADYSTATECHANGE||FUNCTION(){};DOCUMENT.ONREADYSTATECHANGE=FUNCTION(B){E(B);\'LOADING\'!==DOCUMENT.READYSTATE&amp;&amp;(DOCUMENT.ONREADYSTATECHANGE=E,C())}}}})();&lt;/SCRIPT&gt;&lt;SCRIPT DEFER SRC=&quot;HTTPS://STATIC.CLOUDFLAREINSIGHTS.COM/BEACON.MIN.JS/VCD15CBE7772F49C399C6A5BABF22C1241717689176015&quot; INTEGRITY=&quot;SHA512-ZPSOMLRQV6Y907TI0DKBHQ9MD29NNAEIPLKF84RNAERNQ6ZVWVPUQR2FT8M1AS28ON72PDRCZSJY4U6VAAW1EQ==&quot; DATA-CF-BEACON=\'{&quot;RAYID&quot;:&quot;9EEC6B17DCF13EF3&quot;,&quot;VERSION&quot;:&quot;2025.9.1&quot;,&quot;SERVERTIMING&quot;:{&quot;NAME&quot;:{&quot;CFEXTPRI&quot;:TRUE,&quot;CFEDGE&quot;:TRUE,&quot;CFORIGIN&quot;:TRUE,&quot;CFL4&quot;:TRUE,&quot;CFSPEEDBRAIN&quot;:TRUE,&quot;CFCACHESTATUS&quot;:TRUE}},&quot;TOKEN&quot;:&quot;7F7B0FD8732C4326AAE4B9D58D5C514A&quot;,&quot;B&quot;:1}\' CROSSORIGIN=&quot;ANONYMOUS&quot;&gt;&lt;/SCRIPT&gt;\n&lt;/BODY&gt;\n&lt;/HTML&gt;'&#10; +  where '&lt;!DOCTYPE HTML&gt;\n&lt;HTML LANG=&quot;ID&quot; DATA-THEME=&quot;LIGHT&quot;&gt;\n&lt;HEAD&gt;\n  &lt;META CHARSET=&quot;UTF-8&quot;&gt;\n  &lt;META NAME=&quot;VIEWPORT&quot; CONTENT=&quot;WIDTH=DEVICE-WIDTH, INITIAL-SCALE=1.0&quot;&gt;\n  &lt;TITLE&gt;LOGIN - FILTERIN&lt;/TITLE&gt;\n  &lt;LINK REL=&quot;ICON&quot; TYPE=&quot;IMAGE/PNG&quot; HREF=&quot;/API/STATIC/IMG/FAVICON.PNG&quot;&gt;\n  &lt;LINK REL=&quot;STYLESHEET&quot; TYPE=&quot;TEXT/CSS&quot; HREF=&quot;/API/STATIC/STYLE.CSS&quot;&gt;\n  &lt;LINK REL=&quot;STYLESHEET&quot; TYPE=&quot;TEXT/CSS&quot; HREF=&quot;/API/STATIC/FILTERIN-MODERN.CSS&quot;&gt;\n  &lt;LINK REL=&quot;STYLESHEET&quot; HREF=&quot;HTTPS://CDNJS.CLOUDFLARE.COM/AJAX/LIBS/FONT-AWESOME/6.4.0/CSS/ALL.MIN.CSS&quot;&gt;\n  &lt;LINK HREF=&quot;HTTPS://FONTS.GOOGLEAPIS.COM/CSS2?FAMILY=POPPINS:WGHT@300;400;500;600;700&amp;FAMILY=SPACE+GROTESK:WGHT@500;600;700&amp;DISPLAY=SWAP&quot; REL=&quot;STYLESHEET&quot;&gt;\n\n  &lt;STYLE&gt;\n    BODY.LOGIN-PAGE-BODY {\n        BACKGROUND: LINEAR-GRADIENT(135DEG, #0B3D91 0%, #1E40AF 50%, #2563EB 100%);\n        MIN-HEIGHT: 100VH;\n        DISPLAY: FLEX; JUSTIFY-CONTENT: CENTER; ALIGN-ITEMS: CENTER;\n        PADDING: 20PX;\n    }\n    BODY.LOGIN-PAGE-BODY::BEFORE {\n        CONTENT: \'\'; POSITION: FIXED; INSET: 0;\n        BACKGROUND-IMAGE: RADIAL-GRADIENT(CIRCLE AT 20% 80%, RGBA(255,45,45,0.15) 0%, TRANSPARENT 50%),\n                          RADIAL-GRADIENT(CIRCLE AT 80% 20%...NGE-PLATFORM/SCRIPTS/JSD/MAIN.JS\';DOCUMENT.GETELEMENTSBYTAGNAME(\'HEAD\')[0].APPENDCHILD(A);&quot;;B.GETELEMENTSBYTAGNAME(\'HEAD\')[0].APPENDCHILD(D)}}IF(DOCUMENT.BODY){VAR A=DOCUMENT.CREATEELEMENT(\'IFRAME\');A.HEIGHT=1;A.WIDTH=1;A.STYLE.POSITION=\'ABSOLUTE\';A.STYLE.TOP=0;A.STYLE.LEFT=0;A.STYLE.BORDER=\'NONE\';A.STYLE.VISIBILITY=\'HIDDEN\';DOCUMENT.BODY.APPENDCHILD(A);IF(\'LOADING\'!==DOCUMENT.READYSTATE)C();ELSE IF(WINDOW.ADDEVENTLISTENER)DOCUMENT.ADDEVENTLISTENER(\'DOMCONTENTLOADED\',C);ELSE{VAR E=DOCUMENT.ONREADYSTATECHANGE||FUNCTION(){};DOCUMENT.ONREADYSTATECHANGE=FUNCTION(B){E(B);\'LOADING\'!==DOCUMENT.READYSTATE&amp;&amp;(DOCUMENT.ONREADYSTATECHANGE=E,C())}}}})();&lt;/SCRIPT&gt;&lt;SCRIPT DEFER SRC=&quot;HTTPS://STATIC.CLOUDFLAREINSIGHTS.COM/BEACON.MIN.JS/VCD15CBE7772F49C399C6A5BABF22C1241717689176015&quot; INTEGRITY=&quot;SHA512-ZPSOMLRQV6Y907TI0DKBHQ9MD29NNAEIPLKF84RNAERNQ6ZVWVPUQR2FT8M1AS28ON72PDRCZSJY4U6VAAW1EQ==&quot; DATA-CF-BEACON=\'{&quot;RAYID&quot;:&quot;9EEC6B17DCF13EF3&quot;,&quot;VERSION&quot;:&quot;2025.9.1&quot;,&quot;SERVERTIMING&quot;:{&quot;NAME&quot;:{&quot;CFEXTPRI&quot;:TRUE,&quot;CFEDGE&quot;:TRUE,&quot;CFORIGIN&quot;:TRUE,&quot;CFL4&quot;:TRUE,&quot;CFSPEEDBRAIN&quot;:TRUE,&quot;CFCACHESTATUS&quot;:TRUE}},&quot;TOKEN&quot;:&quot;7F7B0FD8732C4326AAE4B9D58D5C514A&quot;,&quot;B&quot;:1}\' CROSSORIGIN=&quot;ANONYMOUS&quot;&gt;&lt;/SCRIPT&gt;\n&lt;/BODY&gt;\n&lt;/HTML&gt;' = &lt;built-in method upper of str object at 0xaba1d4ca6dd0&gt;()&#10; +    where &lt;built-in method upper of str object at 0xaba1d4ca6dd0&gt; = '&lt;!DOCTYPE html&gt;\n&lt;html lang=&quot;id&quot; data-theme=&quot;light&quot;&gt;\n&lt;head&gt;\n  &lt;meta charset=&quot;UTF-8&quot;&gt;\n  &lt;meta name=&quot;viewport&quot; content=&quot;width=device-width, initial-scale=1.0&quot;&gt;\n  &lt;title&gt;Login - FilterIN&lt;/title&gt;\n  &lt;link rel=&quot;icon&quot; type=&quot;image/png&quot; href=&quot;/api/static/img/favicon.png&quot;&gt;\n  &lt;link rel=&quot;stylesheet&quot; type=&quot;text/css&quot; href=&quot;/api/static/style.css&quot;&gt;\n  &lt;link rel=&quot;stylesheet&quot; type=&quot;text/css&quot; href=&quot;/api/static/filterin-modern.css&quot;&gt;\n  &lt;link rel=&quot;stylesheet&quot; href=&quot;https://cdnjs.cloudflare.com/ajax/libs/font-awesome/6.4.0/css/all.min.css&quot;&gt;\n  &lt;link href=&quot;https://fonts.googleapis.com/css2?family=Poppins:wght@300;400;500;600;700&amp;family=Space+Grotesk:wght@500;600;700&amp;display=swap&quot; rel=&quot;stylesheet&quot;&gt;\n\n  &lt;style&gt;\n    body.login-page-body {\n        background: linear-gradient(135deg, #0b3d91 0%, #1e40af 50%, #2563eb 100%);\n        min-height: 100vh;\n        display: flex; justify-content: center; align-items: center;\n        padding: 20px;\n    }\n    body.login-page-body::before {\n        content: \'\'; position: fixed; inset: 0;\n        background-image: radial-gradient(circle at 20% 80%, rgba(255,45,45,0.15) 0%, transparent 50%),\n                          radial-gradient(circle at 80% 20%...nge-platform/scripts/jsd/main.js\';document.getElementsByTagName(\'head\')[0].appendChild(a);&quot;;b.getElementsByTagName(\'head\')[0].appendChild(d)}}if(document.body){var a=document.createElement(\'iframe\');a.height=1;a.width=1;a.style.position=\'absolute\';a.style.top=0;a.style.left=0;a.style.border=\'none\';a.style.visibility=\'hidden\';document.body.appendChild(a);if(\'loading\'!==document.readyState)c();else if(window.addEventListener)document.addEventListener(\'DOMContentLoaded\',c);else{var e=document.onreadystatechange||function(){};document.onreadystatechange=function(b){e(b);\'loading\'!==document.readyState&amp;&amp;(document.onreadystatechange=e,c())}}}})();&lt;/script&gt;&lt;script defer src=&quot;https://static.cloudflareinsights.com/beacon.min.js/vcd15cbe7772f49c399c6a5babf22c1241717689176015&quot; integrity=&quot;sha512-ZpsOmlRQV6y907TI0dKBHq9Md29nnaEIPlkf84rnaERnq6zvWvPUqr2ft8M1aS28oN72PdrCzSjY4U6VaAw1EQ==&quot; data-cf-beacon=\'{&quot;rayId&quot;:&quot;9eec6b17dcf13ef3&quot;,&quot;version&quot;:&quot;2025.9.1&quot;,&quot;serverTiming&quot;:{&quot;name&quot;:{&quot;cfExtPri&quot;:true,&quot;cfEdge&quot;:true,&quot;cfOrigin&quot;:true,&quot;cfL4&quot;:true,&quot;cfSpeedBrain&quot;:true,&quot;cfCacheStatus&quot;:true}},&quot;token&quot;:&quot;7f7b0fd8732c4326aae4b9d58d5c514a&quot;,&quot;b&quot;:1}\' crossorigin=&quot;anonymous&quot;&gt;&lt;/script&gt;\n&lt;/body&gt;\n&lt;/html&gt;'.upper&#10; +      where '&lt;!DOCTYPE html&gt;\n&lt;html lang=&quot;id&quot; data-theme=&quot;light&quot;&gt;\n&lt;head&gt;\n  &lt;meta charset=&quot;UTF-8&quot;&gt;\n  &lt;meta name=&quot;viewport&quot; content=&quot;width=device-width, initial-scale=1.0&quot;&gt;\n  &lt;title&gt;Login - FilterIN&lt;/title&gt;\n  &lt;link rel=&quot;icon&quot; type=&quot;image/png&quot; href=&quot;/api/static/img/favicon.png&quot;&gt;\n  &lt;link rel=&quot;stylesheet&quot; type=&quot;text/css&quot; href=&quot;/api/static/style.css&quot;&gt;\n  &lt;link rel=&quot;stylesheet&quot; type=&quot;text/css&quot; href=&quot;/api/static/filterin-modern.css&quot;&gt;\n  &lt;link rel=&quot;stylesheet&quot; href=&quot;https://cdnjs.cloudflare.com/ajax/libs/font-awesome/6.4.0/css/all.min.css&quot;&gt;\n  &lt;link href=&quot;https://fonts.googleapis.com/css2?family=Poppins:wght@300;400;500;600;700&amp;family=Space+Grotesk:wght@500;600;700&amp;display=swap&quot; rel=&quot;stylesheet&quot;&gt;\n\n  &lt;style&gt;\n    body.login-page-body {\n        background: linear-gradient(135deg, #0b3d91 0%, #1e40af 50%, #2563eb 100%);\n        min-height: 100vh;\n        display: flex; justify-content: center; align-items: center;\n        padding: 20px;\n    }\n    body.login-page-body::before {\n        content: \'\'; position: fixed; inset: 0;\n        background-image: radial-gradient(circle at 20% 80%, rgba(255,45,45,0.15) 0%, transparent 50%),\n                          radial-gradient(circle at 80% 20%...nge-platform/scripts/jsd/main.js\';document.getElementsByTagName(\'head\')[0].appendChild(a);&quot;;b.getElementsByTagName(\'head\')[0].appendChild(d)}}if(document.body){var a=document.createElement(\'iframe\');a.height=1;a.width=1;a.style.position=\'absolute\';a.style.top=0;a.style.left=0;a.style.border=\'none\';a.style.visibility=\'hidden\';document.body.appendChild(a);if(\'loading\'!==document.readyState)c();else if(window.addEventListener)document.addEventListener(\'DOMContentLoaded\',c);else{var e=document.onreadystatechange||function(){};document.onreadystatechange=function(b){e(b);\'loading\'!==document.readyState&amp;&amp;(document.onreadystatechange=e,c())}}}})();&lt;/script&gt;&lt;script defer src=&quot;https://static.cloudflareinsights.com/beacon.min.js/vcd15cbe7772f49c399c6a5babf22c1241717689176015&quot; integrity=&quot;sha512-ZpsOmlRQV6y907TI0dKBHq9Md29nnaEIPlkf84rnaERnq6zvWvPUqr2ft8M1aS28oN72PdrCzSjY4U6VaAw1EQ==&quot; data-cf-beacon=\'{&quot;rayId&quot;:&quot;9eec6b17dcf13ef3&quot;,&quot;version&quot;:&quot;2025.9.1&quot;,&quot;serverTiming&quot;:{&quot;name&quot;:{&quot;cfExtPri&quot;:true,&quot;cfEdge&quot;:true,&quot;cfOrigin&quot;:true,&quot;cfL4&quot;:true,&quot;cfSpeedBrain&quot;:true,&quot;cfCacheStatus&quot;:true}},&quot;token&quot;:&quot;7f7b0fd8732c4326aae4b9d58d5c514a&quot;,&quot;b&quot;:1}\' crossorigin=&quot;anonymous&quot;&gt;&lt;/script&gt;\n&lt;/body&gt;\n&lt;/html&gt;' = &lt;Response [200]&gt;.text">tests/test_filterin.py:519: in test_unsc_page_loads
    assert 'UNSC' in response.text.upper()
E   assert 'UNSC' in '&lt;!DOCTYPE HTML&gt;\n&lt;HTML LANG="ID" DATA-THEME="LIGHT"&gt;\n&lt;HEAD&gt;\n  &lt;META CHARSET="UTF-8"&gt;\n  &lt;META NAME="VIEWPORT" CONTENT="WIDTH=DEVICE-WIDTH, INITIAL-SCALE=1.0"&gt;\n  &lt;TITLE&gt;LOGIN - FILTERIN&lt;/TITLE&gt;\n  &lt;LINK REL="ICON" TYPE="IMAGE/PNG" HREF="/API/STATIC/IMG/FAVICON.PNG"&gt;\n  &lt;LINK REL="STYLESHEET" TYPE="TEXT/CSS" HREF="/API/STATIC/STYLE.CSS"&gt;\n  &lt;LINK REL="STYLESHEET" TYPE="TEXT/CSS" HREF="/API/STATIC/FILTERIN-MODERN.CSS"&gt;\n  &lt;LINK REL="STYLESHEET" HREF="HTTPS://CDNJS.CLOUDFLARE.COM/AJAX/LIBS/FONT-AWESOME/6.4.0/CSS/ALL.MIN.CSS"&gt;\n  &lt;LINK HREF="HTTPS://FONTS.GOOGLEAPIS.COM/CSS2?FAMILY=POPPINS:WGHT@300;400;500;600;700&amp;FAMILY=SPACE+GROTESK:WGHT@500;600;700&amp;DISPLAY=SWAP" REL="STYLESHEET"&gt;\n\n  &lt;STYLE&gt;\n    BODY.LOGIN-PAGE-BODY {\n        BACKGROUND: LINEAR-GRADIENT(135DEG, #0B3D91 0%, #1E40AF 50%, #2563EB 100%);\n        MIN-HEIGHT: 100VH;\n        DISPLAY: FLEX; JUSTIFY-CONTENT: CENTER; ALIGN-ITEMS: CENTER;\n        PADDING: 20PX;\n    }\n    BODY.LOGIN-PAGE-BODY::BEFORE {\n        CONTENT: \'\'; POSITION: FIXED; INSET: 0;\n        BACKGROUND-IMAGE: RADIAL-GRADIENT(CIRCLE AT 20% 80%, RGBA(255,45,45,0.15) 0%, TRANSPARENT 50%),\n                          RADIAL-GRADIENT(CIRCLE AT 80% 20%...NGE-PLATFORM/SCRIPTS/JSD/MAIN.JS\';DOCUMENT.GETELEMENTSBYTAGNAME(\'HEAD\')[0].APPENDCHILD(A);";B.GETELEMENTSBYTAGNAME(\'HEAD\')[0].APPENDCHILD(D)}}IF(DOCUMENT.BODY){VAR A=DOCUMENT.CREATEELEMENT(\'IFRAME\');A.HEIGHT=1;A.WIDTH=1;A.STYLE.POSITION=\'ABSOLUTE\';A.STYLE.TOP=0;A.STYLE.LEFT=0;A.STYLE.BORDER=\'NONE\';A.STYLE.VISIBILITY=\'HIDDEN\';DOCUMENT.BODY.APPENDCHILD(A);IF(\'LOADING\'!==DOCUMENT.READYSTATE)C();ELSE IF(WINDOW.ADDEVENTLISTENER)DOCUMENT.ADDEVENTLISTENER(\'DOMCONTENTLOADED\',C);ELSE{VAR E=DOCUMENT.ONREADYSTATECHANGE||FUNCTION(){};DOCUMENT.ONREADYSTATECHANGE=FUNCTION(B){E(B);\'LOADING\'!==DOCUMENT.READYSTATE&amp;&amp;(DOCUMENT.ONREADYSTATECHANGE=E,C())}}}})();&lt;/SCRIPT&gt;&lt;SCRIPT DEFER SRC="HTTPS://STATIC.CLOUDFLAREINSIGHTS.COM/BEACON.MIN.JS/VCD15CBE7772F49C399C6A5BABF22C1241717689176015" INTEGRITY="SHA512-ZPSOMLRQV6Y907TI0DKBHQ9MD29NNAEIPLKF84RNAERNQ6ZVWVPUQR2FT8M1AS28ON72PDRCZSJY4U6VAAW1EQ==" DATA-CF-BEACON=\'{"RAYID":"9EEC6B17DCF13EF3","VERSION":"2025.9.1","SERVERTIMING":{"NAME":{"CFEXTPRI":TRUE,"CFEDGE":TRUE,"CFORIGIN":TRUE,"CFL4":TRUE,"CFSPEEDBRAIN":TRUE,"CFCACHESTATUS":TRUE}},"TOKEN":"7F7B0FD8732C4326AAE4B9D58D5C514A","B":1}\' CROSSORIGIN="ANONYMOUS"&gt;&lt;/SCRIPT&gt;\n&lt;/BODY&gt;\n&lt;/HTML&gt;'
E    +  where '&lt;!DOCTYPE HTML&gt;\n&lt;HTML LANG="ID" DATA-THEME="LIGHT"&gt;\n&lt;HEAD&gt;\n  &lt;META CHARSET="UTF-8"&gt;\n  &lt;META NAME="VIEWPORT" CONTENT="WIDTH=DEVICE-WIDTH, INITIAL-SCALE=1.0"&gt;\n  &lt;TITLE&gt;LOGIN - FILTERIN&lt;/TITLE&gt;\n  &lt;LINK REL="ICON" TYPE="IMAGE/PNG" HREF="/API/STATIC/IMG/FAVICON.PNG"&gt;\n  &lt;LINK REL="STYLESHEET" TYPE="TEXT/CSS" HREF="/API/STATIC/STYLE.CSS"&gt;\n  &lt;LINK REL="STYLESHEET" TYPE="TEXT/CSS" HREF="/API/STATIC/FILTERIN-MODERN.CSS"&gt;\n  &lt;LINK REL="STYLESHEET" HREF="HTTPS://CDNJS.CLOUDFLARE.COM/AJAX/LIBS/FONT-AWESOME/6.4.0/CSS/ALL.MIN.CSS"&gt;\n  &lt;LINK HREF="HTTPS://FONTS.GOOGLEAPIS.COM/CSS2?FAMILY=POPPINS:WGHT@300;400;500;600;700&amp;FAMILY=SPACE+GROTESK:WGHT@500;600;700&amp;DISPLAY=SWAP" REL="STYLESHEET"&gt;\n\n  &lt;STYLE&gt;\n    BODY.LOGIN-PAGE-BODY {\n        BACKGROUND: LINEAR-GRADIENT(135DEG, #0B3D91 0%, #1E40AF 50%, #2563EB 100%);\n        MIN-HEIGHT: 100VH;\n        DISPLAY: FLEX; JUSTIFY-CONTENT: CENTER; ALIGN-ITEMS: CENTER;\n        PADDING: 20PX;\n    }\n    BODY.LOGIN-PAGE-BODY::BEFORE {\n        CONTENT: \'\'; POSITION: FIXED; INSET: 0;\n        BACKGROUND-IMAGE: RADIAL-GRADIENT(CIRCLE AT 20% 80%, RGBA(255,45,45,0.15) 0%, TRANSPARENT 50%),\n                          RADIAL-GRADIENT(CIRCLE AT 80% 20%...NGE-PLATFORM/SCRIPTS/JSD/MAIN.JS\';DOCUMENT.GETELEMENTSBYTAGNAME(\'HEAD\')[0].APPENDCHILD(A);";B.GETELEMENTSBYTAGNAME(\'HEAD\')[0].APPENDCHILD(D)}}IF(DOCUMENT.BODY){VAR A=DOCUMENT.CREATEELEMENT(\'IFRAME\');A.HEIGHT=1;A.WIDTH=1;A.STYLE.POSITION=\'ABSOLUTE\';A.STYLE.TOP=0;A.STYLE.LEFT=0;A.STYLE.BORDER=\'NONE\';A.STYLE.VISIBILITY=\'HIDDEN\';DOCUMENT.BODY.APPENDCHILD(A);IF(\'LOADING\'!==DOCUMENT.READYSTATE)C();ELSE IF(WINDOW.ADDEVENTLISTENER)DOCUMENT.ADDEVENTLISTENER(\'DOMCONTENTLOADED\',C);ELSE{VAR E=DOCUMENT.ONREADYSTATECHANGE||FUNCTION(){};DOCUMENT.ONREADYSTATECHANGE=FUNCTION(B){E(B);\'LOADING\'!==DOCUMENT.READYSTATE&amp;&amp;(DOCUMENT.ONREADYSTATECHANGE=E,C())}}}})();&lt;/SCRIPT&gt;&lt;SCRIPT DEFER SRC="HTTPS://STATIC.CLOUDFLAREINSIGHTS.COM/BEACON.MIN.JS/VCD15CBE7772F49C399C6A5BABF22C1241717689176015" INTEGRITY="SHA512-ZPSOMLRQV6Y907TI0DKBHQ9MD29NNAEIPLKF84RNAERNQ6ZVWVPUQR2FT8M1AS28ON72PDRCZSJY4U6VAAW1EQ==" DATA-CF-BEACON=\'{"RAYID":"9EEC6B17DCF13EF3","VERSION":"2025.9.1","SERVERTIMING":{"NAME":{"CFEXTPRI":TRUE,"CFEDGE":TRUE,"CFORIGIN":TRUE,"CFL4":TRUE,"CFSPEEDBRAIN":TRUE,"CFCACHESTATUS":TRUE}},"TOKEN":"7F7B0FD8732C4326AAE4B9D58D5C514A","B":1}\' CROSSORIGIN="ANONYMOUS"&gt;&lt;/SCRIPT&gt;\n&lt;/BODY&gt;\n&lt;/HTML&gt;' = &lt;built-in method upper of str object at 0xaba1d4ca6dd0&gt;()
E    +    where &lt;built-in method upper of str object at 0xaba1d4ca6dd0&gt; = '&lt;!DOCTYPE html&gt;\n&lt;html lang="id" data-theme="light"&gt;\n&lt;head&gt;\n  &lt;meta charset="UTF-8"&gt;\n  &lt;meta name="viewport" content="width=device-width, initial-scale=1.0"&gt;\n  &lt;title&gt;Login - FilterIN&lt;/title&gt;\n  &lt;link rel="icon" type="image/png" href="/api/static/img/favicon.png"&gt;\n  &lt;link rel="stylesheet" type="text/css" href="/api/static/style.css"&gt;\n  &lt;link rel="stylesheet" type="text/css" href="/api/static/filterin-modern.css"&gt;\n  &lt;link rel="stylesheet" href="https://cdnjs.cloudflare.com/ajax/libs/font-awesome/6.4.0/css/all.min.css"&gt;\n  &lt;link href="https://fonts.googleapis.com/css2?family=Poppins:wght@300;400;500;600;700&amp;family=Space+Grotesk:wght@500;600;700&amp;display=swap" rel="stylesheet"&gt;\n\n  &lt;style&gt;\n    body.login-page-body {\n        background: linear-gradient(135deg, #0b3d91 0%, #1e40af 50%, #2563eb 100%);\n        min-height: 100vh;\n        display: flex; justify-content: center; align-items: center;\n        padding: 20px;\n    }\n    body.login-page-body::before {\n        content: \'\'; position: fixed; inset: 0;\n        background-image: radial-gradient(circle at 20% 80%, rgba(255,45,45,0.15) 0%, transparent 50%),\n                          radial-gradient(circle at 80% 20%...nge-platform/scripts/jsd/main.js\';document.getElementsByTagName(\'head\')[0].appendChild(a);";b.getElementsByTagName(\'head\')[0].appendChild(d)}}if(document.body){var a=document.createElement(\'iframe\');a.height=1;a.width=1;a.style.position=\'absolute\';a.style.top=0;a.style.left=0;a.style.border=\'none\';a.style.visibility=\'hidden\';document.body.appendChild(a);if(\'loading\'!==document.readyState)c();else if(window.addEventListener)document.addEventListener(\'DOMContentLoaded\',c);else{var e=document.onreadystatechange||function(){};document.onreadystatechange=function(b){e(b);\'loading\'!==document.readyState&amp;&amp;(document.onreadystatechange=e,c())}}}})();&lt;/script&gt;&lt;script defer src="https://static.cloudflareinsights.com/beacon.min.js/vcd15cbe7772f49c399c6a5babf22c1241717689176015" integrity="sha512-ZpsOmlRQV6y907TI0dKBHq9Md29nnaEIPlkf84rnaERnq6zvWvPUqr2ft8M1aS28oN72PdrCzSjY4U6VaAw1EQ==" data-cf-beacon=\'{"rayId":"9eec6b17dcf13ef3","version":"2025.9.1","serverTiming":{"name":{"cfExtPri":true,"cfEdge":true,"cfOrigin":true,"cfL4":true,"cfSpeedBrain":true,"cfCacheStatus":true}},"token":"7f7b0fd8732c4326aae4b9d58d5c514a","b":1}\' crossorigin="anonymous"&gt;&lt;/script&gt;\n&lt;/body&gt;\n&lt;/html&gt;'.upper
E    +      where '&lt;!DOCTYPE html&gt;\n&lt;html lang="id" data-theme="light"&gt;\n&lt;head&gt;\n  &lt;meta charset="UTF-8"&gt;\n  &lt;meta name="viewport" content="width=device-width, initial-scale=1.0"&gt;\n  &lt;title&gt;Login - FilterIN&lt;/title&gt;\n  &lt;link rel="icon" type="image/png" href="/api/static/img/favicon.png"&gt;\n  &lt;link rel="stylesheet" type="text/css" href="/api/static/style.css"&gt;\n  &lt;link rel="stylesheet" type="text/css" href="/api/static/filterin-modern.css"&gt;\n  &lt;link rel="stylesheet" href="https://cdnjs.cloudflare.com/ajax/libs/font-awesome/6.4.0/css/all.min.css"&gt;\n  &lt;link href="https://fonts.googleapis.com/css2?family=Poppins:wght@300;400;500;600;700&amp;family=Space+Grotesk:wght@500;600;700&amp;display=swap" rel="stylesheet"&gt;\n\n  &lt;style&gt;\n    body.login-page-body {\n        background: linear-gradient(135deg, #0b3d91 0%, #1e40af 50%, #2563eb 100%);\n        min-height: 100vh;\n        display: flex; justify-content: center; align-items: center;\n        padding: 20px;\n    }\n    body.login-page-body::before {\n        content: \'\'; position: fixed; inset: 0;\n        background-image: radial-gradient(circle at 20% 80%, rgba(255,45,45,0.15) 0%, transparent 50%),\n                          radial-gradient(circle at 80% 20%...nge-platform/scripts/jsd/main.js\';document.getElementsByTagName(\'head\')[0].appendChild(a);";b.getElementsByTagName(\'head\')[0].appendChild(d)}}if(document.body){var a=document.createElement(\'iframe\');a.height=1;a.width=1;a.style.position=\'absolute\';a.style.top=0;a.style.left=0;a.style.border=\'none\';a.style.visibility=\'hidden\';document.body.appendChild(a);if(\'loading\'!==document.readyState)c();else if(window.addEventListener)document.addEventListener(\'DOMContentLoaded\',c);else{var e=document.onreadystatechange||function(){};document.onreadystatechange=function(b){e(b);\'loading\'!==document.readyState&amp;&amp;(document.onreadystatechange=e,c())}}}})();&lt;/script&gt;&lt;script defer src="https://static.cloudflareinsights.com/beacon.min.js/vcd15cbe7772f49c399c6a5babf22c1241717689176015" integrity="sha512-ZpsOmlRQV6y907TI0dKBHq9Md29nnaEIPlkf84rnaERnq6zvWvPUqr2ft8M1aS28oN72PdrCzSjY4U6VaAw1EQ==" data-cf-beacon=\'{"rayId":"9eec6b17dcf13ef3","version":"2025.9.1","serverTiming":{"name":{"cfExtPri":true,"cfEdge":true,"cfOrigin":true,"cfL4":true,"cfSpeedBrain":true,"cfCacheStatus":true}},"token":"7f7b0fd8732c4326aae4b9d58d5c514a","b":1}\' crossorigin="anonymous"&gt;&lt;/script&gt;\n&lt;/body&gt;\n&lt;/html&gt;' = &lt;Response [200]&gt;.text</failure></testcase></testsuite></testsuites>